[01, 7F, 02, 47, 31, 38, 90, 35, 35, 38, 44, 32, 30, 30, 20, 20, 31, 20, 03, 7F]
[01, 7F, 02, 47, 31, 38, 90, 35, 35, 38, 44, 31, 30, 30, 20, 20, 31, 20, 03, 7C]
[01, 7F, 02, 47, 31, 38, 90, 35, 35, 38, 44, 31, 30, 30, 20, 20, 31, 20, 03, 7C]
[01, 7F, 02, 47, 31, 38, 90, 35, 35, 38, 44, 31, 30, 30, 20, 20, 31, 20, 03, 7C]
[01, 7F, 02, 47, 35, 30, 82, 32, 34, 03, 38]
[01, 7F, 02, 47, 33, 30, 35, 20, 20, 20, 20, 20, 20, 03, 2F]
[01, 7F, 02, 47, 33, 33, 35, 80, 80, 80, 80, 80, 80, 80, 80, 80, 80, 80, 80, 03, 2C]
[01, 7F, 02, 47, 33, 30, 35, 20, 20, 20, 20, 20, 20, 03, 2F]
[01, 7F, 02, 47, 33, 34, 35, 80, 80, 80, 80, 80, 80, 80, 80, 80, 80, 80, 80, 03, 2B]
[01, 7F, 02, 47, 31, 38, 92, 35, 35, 30, 44, 39, 30, 30, 20, 20, 31, 20, 03, 7E]
[01, 7F, 02, 47, 31, 38, 92, 35, 35, 30, 44, 39, 30, 30, 20, 20, 31, 20, 03, 7E]
[01, 7F, 02, 47, 31, 38, 92, 35, 35, 30, 44, 39, 30, 30, 20, 20, 31, 20, 03, 7E]
[01, 7F, 02, 47, 31, 38, 92, 35, 35, 30, 44, 39, 30, 30, 20, 20, 31, 20, 03, 7E]
[01, 7F, 02, 47, 35, 30, 82, 32, 34, 03, 38]
[01, 7F, 02, 47, 31, 38, 90, 35, 35, 30, 44, 38, 30, 30, 20, 20, 31, 20, 03, 7D]
[01, 7F, 02, 47, 31, 38, 90, 35, 35, 30, 44, 37, 30, 30, 20, 20, 31, 20, 03, 72]
[01, 7F, 02, 47, 31, 38, 90, 35, 35, 30, 44, 37, 30, 30, 20, 20, 31, 20, 03, 72]
[01, 7F, 02, 47, 31, 38, 90, 35, 35, 30, 44, 36, 30, 30, 20, 20, 31, 20, 03, 73]
[01, 7F, 02, 47, 35, 30, 82, 32, 34, 03, 38]
[01, 7F, 02, 47, 33, 30, 35, 20, 20, 20, 20, 20, 20, 03, 2F]
[01, 7F, 02, 47, 33, 33, 35, 80, 80, 80, 80, 80, 80, 80, 80, 80, 80, 80, 80, 03, 2C]
[01, 7F, 02, 47, 33, 30, 35, 20, 20, 20, 20, 20, 20, 03, 2F]
[01, 7F, 02, 47, 33, 34, 35, 80, 80, 80, 80, 80, 80, 80, 80, 80, 80, 80, 80, 03, 2B]
[01, 7F, 02, 47, 31, 38, 92, 35, 34, 38, 44, 36, 30, 30, 20, 20, 31, 20, 03, 78]
[01, 7F, 02, 47, 31, 38, 92, 35, 34, 38, 44, 36, 30, 30, 20, 20, 31, 20, 03, 78]
[01, 7F, 02, 47, 31, 38, 92, 35, 34, 38, 44, 36, 30, 30, 20, 20, 31, 20, 03, 78]
[01, 7F, 02, 47, 31, 38, 92, 35, 34, 38, 44, 36, 30, 30, 20, 20, 31, 20, 03, 78]
[01, 7F, 02, 47, 35, 30, 82, 32, 34, 03, 38]
[01, 7F, 02, 47, 31, 38, 92, 35, 34, 38, 44, 36, 30, 30, 20, 20, 31, 20, 03, 78]
[01, 7F, 02, 47, 35, 30, 80, 32, 33, 03, 3D]
[01, 7F, 02, 47, 31, 38, 92, 35, 34, 38, 44, 36, 30, 30, 20, 20, 31, 20, 03, 78]
[01, 7F, 02, 47, 35, 30, 80, 32, 33, 03, 3D]
[01, 7F, 02, 47, 31, 38, 92, 35, 34, 38, 44, 36, 30, 30, 20, 20, 31, 20, 03, 78]
[01, 7F, 02, 47, 35, 30, 82, 32, 30, 03, 3C]
[01, 7F, 02, 47, 31, 38, 92, 35, 34, 38, 44, 36, 30, 30, 20, 20, 31, 20, 03, 78]
[01, 7F, 02, 47, 35, 30, 82, 32, 30, 03, 3C]
[01, 7F, 02, 47, 32, 30, 31, 37, 33, 39, 03, 37]
[01, 7F, 02, 47, 31, 38, 90, 35, 34, 38, 44, 34, 30, 30, 20, 20, 31, 20, 03, 78]
[01, 7F, 02, 47, 31, 38, 90, 35, 34, 38, 44, 34, 30, 30, 20, 20, 31, 20, 03, 78]
[01, 7F, 02, 47, 31, 38, 90, 35, 34, 38, 44, 34, 30, 30, 20, 20, 31, 20, 03, 78]
[01, 7F, 02, 47, 31, 38, 90, 35, 34, 38, 44, 33, 30, 30, 20, 20, 31, 20, 03, 7F]
[01, 7F, 02, 47, 35, 30, 82, 32, 30, 03, 3C]
[01, 7F, 02, 47, 33, 30, 35, 20, 20, 20, 20, 20, 20, 03, 2F]
[01, 7F, 02, 47, 33, 33, 35, 80, 80, 80, 80, 80, 80, 80, 80, 80, 80, 80, 80, 03, 2C]
[01, 7F, 02, 47, 33, 30, 35, 20, 20, 20, 20, 20, 20, 03, 2F]
[01, 7F, 02, 47, 33, 34, 35, 80, 80, 80, 80, 80, 80, 80, 80, 80, 80, 80, 80, 03, 2B]
[01, 7F, 02, 47, 31, 38, 92, 35, 34, 35, 44, 35, 30, 30, 20, 20, 31, 20, 03, 76]
[01, 7F, 02, 47, 31, 38, 92, 35, 34, 35, 44, 35, 30, 30, 20, 20, 31, 20, 03, 76]
[01, 7F, 02, 47, 31, 38, 92, 35, 34, 35, 44, 35, 30, 30, 20, 20, 31, 20, 03, 76]
[01, 7F, 02, 47, 31, 38, 92, 35, 34, 35, 44, 35, 30, 30, 20, 20, 31, 20, 03, 76]
[01, 7F, 02, 47, 35, 30, 82, 32, 30, 03, 3C]
[01, 7F, 02, 47, 32, 30, 31, 37, 34, 30, 03, 39]
[01, 7F, 02, 47, 31, 38, 92, 35, 34, 35, 44, 35, 30, 30, 20, 20, 31, 20, 03, 76]
[01, 7F, 02, 47, 31, 38, 92, 35, 34, 35, 44, 35, 30, 30, 20, 20, 31, 20, 03, 76]
[01, 7F, 02, 47, 31, 38, 92, 35, 34, 35, 44, 35, 30, 30, 20, 20, 31, 20, 03, 76]
[01, 7F, 02, 47, 31, 38, 92, 35, 34, 35, 44, 35, 30, 30, 20, 20, 31, 20, 03, 76]
[01, 7F, 02, 47, 35, 30, 82, 32, 30, 03, 3C]
[01, 7F, 02, 47, 32, 30, 31, 37, 34, 31, 03, 38]
[01, 7F, 02, 47, 32, 30, 31, 37, 34, 31, 03, 38]
[01, 7F, 02, 47, 32, 30, 31, 37, 34, 33, 03, 3A]
[01, 7F, 02, 47, 31, 38, 83, 35, 36, 30, 30, 30, 30, 30, 20, 20, 20, 20, 03, 20]
[01, 7F, 02, 47, 31, 38, 83, 35, 36, 30, 30, 30, 30, 30, 20, 20, 20, 20, 03, 20]
[01, 7F, 02, 47, 35, 30, 82, 32, 34, 03, 38]
[01, 7F, 02, 47, 32, 30, 31, 37, 34, 33, 03, 3A]
[01, 7F, 02, 47, 39, 39, 47, 41, 4C, 4F, 4D, 41, 52, 20, 20, 20, 20, 20, 20, 20, 20, 20, 20, 20, 20, 20, 20, 20, 03, 42]
[01, 7F, 02, 47, 31, 39, 35, 30, 30, 30, 30, 03, 24]
[01, 7F, 02, 47, 33, 30, 35, 20, 30, 20, 20, 30, 20, 03, 2F]
[01, 7F, 02, 47, 33, 34, 35, 80, 80, 80, 80, 80, 80, 80, 80, 80, 80, 80, 80, 03, 2B]
[01, 7F, 02, 47, 33, 31, 35, 20, 30, 20, 30, 20, 20, 20, 20, 03, 2E]
[01, 7F, 02, 47, 39, 38, 43, 41, 42, 20, 4D, 41, 44, 45, 49, 52, 41, 20, 20, 20, 20, 20, 20, 20, 20, 20, 20, 20, 03, 2F]
[01, 7F, 02, 47, 31, 39, 35, 30, 30, 30, 30, 03, 24]
[01, 7F, 02, 47, 33, 30, 35, 20, 30, 20, 20, 30, 20, 03, 2F]
[01, 7F, 02, 47, 33, 33, 35, 80, 80, 80, 80, 80, 80, 80, 80, 80, 80, 80, 80, 03, 2C]
[01, 7F, 02, 47, 33, 31, 35, 20, 30, 20, 30, 20, 20, 20, 20, 03, 2E]
[01, 7F, 02, 47, 33, 38, 20, 32, 20, 36, 20, 39, 31, 30, 31, 36, 32, 32, 32, 34, 33, 30, 20, 20, 20, 20, 20, 20, 20, 20, 20, 20, 20, 20, 20, 20, 03, 2C]
[01, 7F, 02, 47, 33, 37, 20, 36, 31, 30, 31, 31, 31, 33, 32, 31, 32, 37, 33, 33, 37, 39, 20, 20, 20, 20, 20, 20, 20, 20, 20, 20, 20, 20, 20, 20, 03, 20]
[01, 7F, 02, 47, 33, 30, 35, 20, 30, 20, 20, 30, 20, 03, 2F]
[01, 7F, 02, 47, 39, 38, 43, 41, 42, 20, 4D, 41, 44, 45, 49, 52, 41, 20, 20, 20, 20, 20, 20, 20, 20, 20, 20, 20, 03, 2F]
[01, 7F, 02, 47, 33, 37, 20, 36, 31, 30, 31, 31, 31, 33, 32, 31, 32, 37, 33, 33, 37, 39, 20, 20, 20, 20, 20, 20, 20, 20, 20, 20, 20, 20, 20, 20, 03, 20]
[01, 7F, 02, 47, 39, 39, 47, 41, 4C, 4F, 4D, 41, 52, 20, 20, 20, 20, 20, 20, 20, 20, 20, 20, 20, 20, 20, 20, 20, 03, 42]
[01, 7F, 02, 47, 33, 38, 20, 32, 20, 36, 20, 39, 31, 30, 31, 36, 32, 32, 32, 34, 33, 30, 20, 20, 20, 20, 20, 20, 20, 20, 20, 20, 20, 20, 20, 20, 03, 2C]
[01, 7F, 02, 47, 35, 36, 35, 31, 20, 36, 20, 20, 03, 28]
[01, 7F, 02, 47, 35, 36, 35, 31, 31, 30, 20, 20, 03, 3F]
[01, 7F, 02, 47, 35, 36, 35, 31, 31, 31, 20, 20, 03, 3E]
[01, 7F, 02, 47, 35, 36, 35, 31, 31, 33, 20, 20, 03, 3C]
[01, 7F, 02, 47, 35, 36, 35, 31, 32, 31, 20, 20, 03, 3D]
[01, 7F, 02, 47, 35, 36, 35, 31, 32, 37, 20, 20, 03, 3B]
[01, 7F, 02, 47, 35, 36, 35, 31, 33, 33, 20, 20, 03, 3E]
[01, 7F, 02, 47, 35, 36, 35, 31, 37, 39, 20, 20, 03, 30]
[01, 7F, 02, 47, 35, 36, 35, 32, 20, 32, 20, 20, 03, 2F]
[01, 7F, 02, 47, 35, 36, 35, 32, 20, 36, 20, 20, 03, 2B]
[01, 7F, 02, 47, 35, 36, 35, 32, 20, 39, 20, 20, 03, 24]
[01, 7F, 02, 47, 35, 36, 35, 32, 31, 30, 20, 20, 03, 3C]
[01, 7F, 02, 47, 35, 36, 35, 32, 31, 36, 20, 20, 03, 3A]
[01, 7F, 02, 47, 35, 36, 35, 32, 32, 32, 20, 20, 03, 3D]
[01, 7F, 02, 47, 35, 36, 35, 32, 32, 34, 20, 20, 03, 3B]
[01, 7F, 02, 47, 35, 36, 35, 32, 33, 30, 20, 20, 03, 3E]
[01, 7F, 02, 47, 33, 31, 35, 20, 30, 20, 30, 20, 20, 20, 31, 03, 3F]
[01, 7F, 02, 47, 33, 31, 35, 20, 30, 20, 30, 20, 20, 20, 32, 03, 3C]
[01, 7F, 02, 47, 31, 38, 83, 35, 36, 30, 30, 30, 30, 30, 20, 20, 20, 20, 03, 20]
[01, 7F, 02, 47, 33, 30, 35, 20, 30, 20, 20, 30, 20, 03, 2F]
[01, 7F, 02, 47, 35, 30, 82, 32, 34, 03, 38]
[01, 7F, 02, 47, 33, 33, 35, 80, 80, 80, 80, 80, 80, 80, 80, 80, 80, 80, 80, 03, 2C]
[01, 7F, 02, 47, 33, 34, 35, 80, 80, 80, 80, 80, 80, 80, 80, 80, 80, 80, 80, 03, 2B]
[01, 7F, 02, 47, 31, 39, 35, 30, 30, 30, 30, 03, 24]
[01, 7F, 02, 47, 31, 38, 83, 35, 36, 30, 30, 30, 30, 30, 20, 20, 20, 20, 03, 20]
[01, 7F, 02, 47, 33, 30, 35, 20, 30, 20, 20, 30, 20, 03, 2F]
[01, 7F, 02, 47, 35, 30, 82, 32, 34, 03, 38]
[01, 7F, 02, 47, 33, 33, 35, 80, 80, 80, 80, 80, 80, 80, 80, 80, 80, 80, 80, 03, 2C]
[01, 7F, 02, 47, 33, 34, 35, 80, 80, 80, 80, 80, 80, 80, 80, 80, 80, 80, 80, 03, 2B]
[01, 7F, 02, 47, 31, 39, 35, 30, 30, 30, 30, 03, 24]
[01, 7F, 02, 47, 31, 38, 81, 35, 36, 30, 30, 30, 30, 30, 20, 20, 20, 20, 03, 22]
[01, 7F, 02, 47, 31, 38, 81, 35, 36, 30, 30, 30, 30, 30, 20, 20, 20, 20, 03, 22]
[01, 7F, 02, 47, 31, 38, 81, 35, 36, 30, 30, 30, 30, 30, 20, 20, 20, 20, 03, 22]
[01, 7F, 02, 47, 35, 30, 82, 32, 34, 03, 38]
[01, 7F, 02, 47, 33, 30, 35, 20, 30, 20, 20, 30, 20, 03, 2F]
[01, 7F, 02, 47, 33, 33, 35, 80, 80, 80, 80, 80, 80, 80, 80, 80, 80, 80, 80, 03, 2C]
[01, 7F, 02, 47, 36, 30, 35, 00, 00, 03, 2A]
[01, 7F, 02, 47, 33, 31, 35, 20, 30, 20, 30, 20, 20, 20, 20, 03, 2E]
[01, 7F, 02, 47, 33, 30, 35, 20, 30, 20, 20, 30, 20, 03, 2F]
[01, 7F, 02, 47, 36, 30, 35, 00, 00, 03, 2A]
[01, 7F, 02, 47, 33, 34, 35, 80, 80, 80, 80, 80, 80, 80, 80, 80, 80, 80, 80, 03, 2B]
[01, 7F, 02, 47, 33, 31, 35, 20, 30, 20, 30, 20, 20, 20, 20, 03, 2E]
[01, 7F, 02, 47, 31, 38, 81, 35, 35, 39, 35, 39, 30, 30, 20, 20, 20, 20, 03, 24]
[01, 7F, 02, 47, 31, 38, 81, 35, 35, 39, 35, 38, 30, 30, 20, 20, 20, 20, 03, 25]
[01, 7F, 02, 47, 31, 38, 81, 35, 35, 39, 35, 37, 30, 30, 20, 20, 20, 20, 03, 2A]
[01, 7F, 02, 47, 31, 38, 81, 35, 35, 39, 35, 36, 30, 30, 20, 20, 20, 20, 03, 2B]
[01, 7F, 02, 47, 31, 38, 81, 35, 35, 39, 35, 35, 30, 30, 20, 20, 20, 20, 03, 28]
[01, 7F, 02, 47, 31, 38, 81, 35, 35, 39, 35, 34, 30, 30, 20, 20, 20, 20, 03, 29]
[01, 7F, 02, 47, 31, 38, 83, 35, 35, 39, 35, 33, 30, 30, 20, 20, 20, 20, 03, 2C]
[01, 7F, 02, 47, 31, 38, 83, 35, 35, 39, 35, 33, 30, 30, 20, 20, 20, 20, 03, 2C]
[01, 7F, 02, 47, 31, 38, 83, 35, 35, 39, 35, 33, 30, 30, 20, 20, 20, 20, 03, 2C]
[01, 7F, 02, 47, 35, 30, 82, 32, 34, 03, 38]
[01, 7F, 02, 47, 31, 38, 83, 35, 35, 39, 35, 33, 30, 30, 20, 20, 20, 20, 03, 2C]
[01, 7F, 02, 47, 33, 30, 35, 20, 30, 20, 20, 30, 20, 03, 2F]
[01, 7F, 02, 47, 35, 30, 82, 32, 34, 03, 38]
[01, 7F, 02, 47, 33, 33, 35, 80, 80, 80, 80, 80, 80, 80, 80, 80, 80, 80, 80, 03, 2C]
[01, 7F, 02, 47, 33, 34, 35, 80, 80, 80, 80, 80, 80, 80, 80, 80, 80, 80, 80, 03, 2B]
[01, 7F, 02, 47, 31, 39, 35, 30, 30, 30, 30, 03, 24]
[01, 7F, 02, 47, 31, 38, 83, 35, 35, 39, 35, 33, 30, 30, 20, 20, 20, 20, 03, 2C]
[01, 7F, 02, 47, 33, 30, 35, 20, 30, 20, 20, 30, 20, 03, 2F]
[01, 7F, 02, 47, 35, 30, 82, 32, 34, 03, 38]
[01, 7F, 02, 47, 33, 33, 35, 80, 80, 80, 80, 80, 80, 80, 80, 80, 80, 80, 80, 03, 2C]
[01, 7F, 02, 47, 33, 34, 35, 80, 80, 80, 80, 80, 80, 80, 80, 80, 80, 80, 80, 03, 2B]
[01, 7F, 02, 47, 31, 39, 35, 30, 30, 30, 30, 03, 24]
[01, 7F, 02, 47, 31, 38, 83, 35, 35, 39, 35, 33, 30, 30, 20, 20, 20, 20, 03, 2C]
[01, 7F, 02, 47, 33, 30, 35, 20, 30, 20, 20, 30, 20, 03, 2F]
[01, 7F, 02, 47, 35, 30, 82, 32, 34, 03, 38]
[01, 7F, 02, 47, 33, 33, 35, 80, 80, 80, 80, 80, 80, 80, 80, 80, 80, 80, 80, 03, 2C]
[01, 7F, 02, 47, 33, 34, 35, 80, 80, 80, 80, 80, 80, 80, 80, 80, 80, 80, 80, 03, 2B]
[01, 7F, 02, 47, 31, 39, 35, 30, 30, 30, 30, 03, 24]
[01, 7F, 02, 47, 31, 38, 83, 35, 35, 39, 35, 33, 30, 30, 20, 20, 20, 20, 03, 2C]
[01, 7F, 02, 47, 35, 30, 80, 32, 33, 03, 3D]
[01, 7F, 02, 47, 31, 38, 83, 35, 35, 39, 35, 33, 30, 30, 20, 20, 20, 20, 03, 2C]
[01, 7F, 02, 47, 35, 30, 80, 32, 33, 03, 3D]
[01, 7F, 02, 47, 35, 30, 80, 32, 32, 03, 3C]
[01, 7F, 02, 47, 35, 30, 80, 32, 31, 03, 3F]
[01, 7F, 02, 47, 35, 30, 80, 32, 30, 03, 3E]
[01, 7F, 02, 47, 31, 38, 83, 35, 35, 39, 35, 33, 30, 30, 20, 20, 20, 20, 03, 2C]
[01, 7F, 02, 47, 35, 30, 82, 32, 31, 03, 3D]
[01, 7F, 02, 47, 31, 38, 83, 35, 35, 39, 35, 33, 30, 30, 20, 20, 20, 20, 03, 2C]
[01, 7F, 02, 47, 35, 30, 82, 32, 31, 03, 3D]
[01, 7F, 02, 47, 31, 38, 83, 35, 35, 39, 35, 33, 30, 30, 20, 20, 20, 20, 03, 2C]
[01, 7F, 02, 47, 33, 30, 35, 20, 30, 20, 20, 30, 20, 03, 2F]
[01, 7F, 02, 47, 35, 30, 82, 32, 31, 03, 3D]
[01, 7F, 02, 47, 33, 33, 35, 80, 80, 80, 80, 80, 80, 80, 80, 80, 80, 80, 80, 03, 2C]
[01, 7F, 02, 47, 33, 34, 35, 80, 80, 80, 80, 80, 80, 80, 80, 80, 80, 80, 80, 03, 2B]
[01, 7F, 02, 47, 31, 39, 35, 30, 30, 30, 30, 03, 24]
[01, 7F, 02, 47, 31, 38, 83, 35, 35, 39, 35, 33, 30, 30, 20, 20, 20, 20, 03, 2C]
[01, 7F, 02, 47, 35, 30, 8A, 32, 34, 03, 30]
[01, 7F, 02, 47, 31, 38, 83, 35, 35, 39, 35, 33, 30, 30, 20, 20, 20, 20, 03, 2C]
[01, 7F, 02, 47, 35, 30, 82, 32, 34, 03, 38]
[01, 7F, 02, 47, 32, 30, 31, 37, 34, 34, 03, 3D]
[01, 7F, 02, 47, 31, 39, 35, 30, 30, 30, 30, 03, 24]
[01, 7F, 02, 47, 33, 30, 35, 20, 30, 20, 20, 30, 20, 03, 2F]
[01, 7F, 02, 47, 33, 34, 35, 80, 80, 80, 80, 80, 80, 80, 80, 80, 80, 80, 80, 03, 2B]
[01, 7F, 02, 47, 33, 31, 35, 20, 30, 20, 30, 20, 20, 20, 20, 03, 2E]
[01, 7F, 02, 47, 39, 39, 47, 41, 4C, 4F, 4D, 41, 52, 20, 20, 20, 20, 20, 20, 20, 20, 20, 20, 20, 20, 20, 20, 20, 03, 42]
[01, 7F, 02, 47, 33, 30, 35, 20, 30, 20, 20, 30, 20, 03, 2F]
[01, 7F, 02, 47, 33, 34, 35, 80, 80, 80, 80, 80, 80, 80, 80, 80, 80, 80, 80, 03, 2B]
[01, 7F, 02, 47, 33, 31, 35, 20, 30, 20, 30, 20, 20, 20, 20, 03, 2E]
[01, 7F, 02, 47, 31, 39, 35, 30, 30, 30, 30, 03, 24]
[01, 7F, 02, 47, 33, 30, 35, 20, 30, 20, 20, 30, 20, 03, 2F]
[01, 7F, 02, 47, 33, 33, 35, 80, 80, 80, 80, 80, 80, 80, 80, 80, 80, 80, 80, 03, 2C]
[01, 7F, 02, 47, 33, 31, 35, 20, 30, 20, 30, 20, 20, 20, 20, 03, 2E]
[01, 7F, 02, 47, 31, 38, 83, 35, 35, 39, 35, 33, 30, 30, 20, 20, 20, 20, 03, 2C]
[01, 7F, 02, 47, 33, 30, 35, 20, 30, 20, 20, 30, 20, 03, 2F]
[01, 7F, 02, 47, 35, 30, 82, 32, 34, 03, 38]
[01, 7F, 02, 47, 33, 33, 35, 80, 80, 80, 80, 80, 80, 80, 80, 80, 80, 80, 80, 03, 2C]
[01, 7F, 02, 47, 39, 38, 43, 41, 42, 20, 4D, 41, 44, 45, 49, 52, 41, 20, 20, 20, 20, 20, 20, 20, 20, 20, 20, 20, 03, 2F]
[01, 7F, 02, 47, 33, 34, 35, 80, 80, 80, 80, 80, 80, 80, 80, 80, 80, 80, 80, 03, 2B]
[01, 7F, 02, 47, 31, 39, 35, 30, 30, 30, 30, 03, 24]
[01, 7F, 02, 47, 33, 30, 35, 20, 30, 20, 20, 30, 20, 03, 2F]
[01, 7F, 02, 47, 33, 33, 35, 80, 80, 80, 80, 80, 80, 80, 80, 80, 80, 80, 80, 03, 2C]
[01, 7F, 02, 47, 33, 31, 35, 20, 30, 20, 30, 20, 20, 20, 20, 03, 2E]
[01, 7F, 02, 47, 31, 38, 83, 35, 35, 39, 35, 33, 30, 30, 20, 20, 20, 20, 03, 2C]
[01, 7F, 02, 47, 35, 30, 82, 32, 34, 03, 38]
[01, 7F, 02, 47, 33, 30, 35, 20, 30, 20, 20, 30, 20, 03, 2F]
[01, 7F, 02, 47, 39, 38, 43, 41, 42, 20, 4D, 41, 44, 45, 49, 52, 41, 20, 20, 20, 20, 20, 20, 20, 20, 20, 20, 20, 03, 2F]
[01, 7F, 02, 47, 33, 37, 20, 36, 31, 30, 31, 31, 31, 33, 32, 31, 32, 37, 33, 33, 37, 39, 20, 20, 20, 20, 20, 20, 20, 20, 20, 20, 20, 20, 20, 20, 03, 20]
[01, 7F, 02, 47, 39, 39, 47, 41, 4C, 4F, 4D, 41, 52, 20, 20, 20, 20, 20, 20, 20, 20, 20, 20, 20, 20, 20, 20, 20, 03, 42]
[01, 7F, 02, 47, 33, 38, 20, 32, 20, 36, 20, 39, 31, 30, 31, 36, 32, 32, 32, 34, 33, 30, 20, 20, 20, 20, 20, 20, 20, 20, 20, 20, 20, 20, 20, 20, 03, 2C]
[01, 7F, 02, 47, 35, 36, 35, 31, 20, 36, 20, 20, 03, 28]
[01, 7F, 02, 47, 35, 36, 35, 31, 31, 30, 20, 20, 03, 3F]
[01, 7F, 02, 47, 35, 36, 35, 31, 31, 31, 20, 20, 03, 3E]
[01, 7F, 02, 47, 35, 36, 35, 31, 31, 33, 20, 20, 03, 3C]
[01, 7F, 02, 47, 35, 36, 35, 31, 32, 31, 20, 20, 03, 3D]
[01, 7F, 02, 47, 35, 36, 35, 31, 32, 37, 20, 20, 03, 3B]
[01, 7F, 02, 47, 35, 36, 35, 31, 33, 33, 20, 20, 03, 3E]
[01, 7F, 02, 47, 35, 36, 35, 31, 37, 39, 20, 20, 03, 30]
[01, 7F, 02, 47, 35, 36, 35, 32, 20, 32, 20, 20, 03, 2F]
[01, 7F, 02, 47, 35, 36, 35, 32, 20, 36, 20, 20, 03, 2B]
[01, 7F, 02, 47, 35, 36, 35, 32, 20, 39, 20, 20, 03, 24]
[01, 7F, 02, 47, 35, 36, 35, 32, 31, 30, 20, 20, 03, 3C]
[01, 7F, 02, 47, 35, 36, 35, 32, 31, 36, 20, 20, 03, 3A]
[01, 7F, 02, 47, 35, 36, 35, 32, 32, 32, 20, 20, 03, 3D]
[01, 7F, 02, 47, 35, 36, 35, 32, 32, 34, 20, 20, 03, 3B]
[01, 7F, 02, 47, 35, 36, 35, 32, 33, 30, 20, 20, 03, 3E]
[01, 7F, 02, 47, 33, 31, 35, 20, 30, 20, 30, 20, 20, 20, 31, 03, 3F]
[01, 7F, 02, 47, 33, 31, 35, 20, 30, 20, 30, 20, 20, 20, 32, 03, 3C]
[01, 7F, 02, 47, 31, 38, 83, 35, 35, 39, 35, 33, 30, 30, 20, 20, 20, 20, 03, 2C]
[01, 7F, 02, 47, 35, 30, 82, 32, 34, 03, 38]
[01, 7F, 02, 47, 31, 38, 83, 35, 35, 39, 35, 33, 30, 30, 20, 20, 20, 20, 03, 2C]
[01, 7F, 02, 47, 35, 30, 82, 32, 34, 03, 38]
[01, 7F, 02, 47, 31, 38, 82, 35, 31, 30, 30, 30, 30, 30, 20, 20, 31, 20, 03, 37]
[01, 7F, 02, 47, 31, 38, 82, 35, 31, 30, 30, 30, 30, 30, 20, 20, 31, 20, 03, 37]
[01, 7F, 02, 47, 31, 38, 82, 35, 31, 30, 30, 30, 30, 30, 20, 20, 31, 20, 03, 37]
[01, 7F, 02, 47, 35, 30, 82, 32, 34, 03, 38]
[01, 7F, 02, 47, 31, 38, 80, 35, 31, 30, 30, 30, 30, 30, 20, 20, 31, 20, 03, 35]
[01, 7F, 02, 47, 31, 38, 80, 35, 31, 30, 30, 30, 30, 30, 20, 20, 31, 20, 03, 35]
[01, 7F, 02, 47, 31, 38, 80, 35, 31, 30, 30, 30, 30, 30, 20, 20, 31, 20, 03, 35]
[01, 7F, 02, 47, 31, 38, 80, 35, 31, 30, 30, 30, 30, 30, 20, 20, 31, 20, 03, 35]
[01, 7F, 02, 47, 35, 30, 82, 32, 34, 03, 38]
[01, 7F, 02, 47, 33, 30, 35, 20, 30, 20, 20, 30, 20, 03, 2F]
[01, 7F, 02, 47, 33, 33, 35, 80, 80, 80, 80, 80, 80, 80, 80, 80, 80, 80, 80, 03, 2C]
[01, 7F, 02, 47, 36, 30, 35, 00, 00, 03, 2A]
[01, 7F, 02, 47, 33, 31, 35, 20, 30, 20, 30, 20, 20, 20, 20, 03, 2E]
[01, 7F, 02, 47, 33, 30, 35, 20, 30, 20, 20, 30, 20, 03, 2F]
[01, 7F, 02, 47, 33, 34, 35, 80, 80, 80, 80, 80, 80, 80, 80, 80, 80, 80, 80, 03, 2B]
[01, 7F, 02, 47, 36, 30, 35, 00, 00, 03, 2A]
[01, 7F, 02, 47, 33, 31, 35, 20, 30, 20, 30, 20, 20, 20, 20, 03, 2E]
[01, 7F, 02, 47, 31, 38, 80, 35, 20, 39, 35, 39, 30, 30, 20, 20, 31, 20, 03, 21]
[01, 7F, 02, 47, 31, 38, 80, 35, 20, 39, 35, 38, 30, 30, 20, 20, 31, 20, 03, 20]
[01, 7F, 02, 47, 31, 38, 80, 35, 20, 39, 35, 37, 30, 30, 20, 20, 31, 20, 03, 2F]
[01, 7F, 02, 47, 31, 38, 80, 35, 20, 39, 35, 36, 30, 30, 20, 20, 31, 20, 03, 2E]
[01, 7F, 02, 47, 31, 38, 80, 35, 20, 39, 35, 35, 30, 30, 20, 20, 31, 20, 03, 2D]
[01, 7F, 02, 47, 31, 38, 80, 35, 20, 39, 35, 34, 30, 30, 20, 20, 31, 20, 03, 2C]
[01, 7F, 02, 47, 31, 38, 82, 35, 20, 39, 35, 34, 30, 30, 20, 20, 31, 20, 03, 2E]
[01, 7F, 02, 47, 31, 38, 82, 35, 20, 39, 35, 34, 30, 30, 20, 20, 31, 20, 03, 2E]
[01, 7F, 02, 47, 31, 38, 82, 35, 20, 39, 35, 34, 30, 30, 20, 20, 31, 20, 03, 2E]
[01, 7F, 02, 47, 31, 38, 82, 35, 20, 39, 35, 34, 30, 30, 20, 20, 31, 20, 03, 2E]
[01, 7F, 02, 47, 35, 30, 82, 32, 34, 03, 38]
[01, 7F, 02, 47, 31, 38, 82, 35, 20, 39, 35, 34, 30, 30, 20, 20, 31, 20, 03, 2E]
[01, 7F, 02, 47, 33, 30, 35, 20, 30, 20, 20, 30, 20, 03, 2F]
[01, 7F, 02, 47, 35, 30, 82, 32, 34, 03, 38]
[01, 7F, 02, 47, 33, 33, 35, 80, 80, 80, 80, 80, 80, 80, 80, 80, 80, 80, 80, 03, 2C]
[01, 7F, 02, 47, 33, 34, 35, 80, 80, 80, 80, 80, 80, 80, 80, 80, 80, 80, 80, 03, 2B]
[01, 7F, 02, 47, 31, 39, 35, 30, 30, 30, 30, 03, 24]
