[01, 7F, 02, 47, 33, 36, 35, 32, 36, 03, 2D]
[01, 7F, 02, 47, 33, 36, 35, 32, 35, 03, 2E]
[01, 7F, 02, 47, 33, 36, 35, 32, 34, 03, 2F]
[01, 7F, 02, 47, 33, 36, 35, 32, 33, 03, 28]
[01, 7F, 02, 47, 33, 36, 35, 32, 32, 03, 29]
[01, 7F, 02, 47, 33, 36, 35, 32, 31, 03, 2A]
[01, 7F, 02, 47, 33, 36, 35, 32, 30, 03, 2B]
[01, 7F, 02, 47, 33, 36, 35, 31, 39, 03, 21]
[01, 7F, 02, 47, 33, 36, 35, 31, 38, 03, 20]
[01, 7F, 02, 47, 33, 36, 35, 31, 37, 03, 2F]
[01, 7F, 02, 47, 33, 36, 35, 31, 36, 03, 2E]
[01, 7F, 02, 47, 33, 36, 35, 31, 35, 03, 2D]
[01, 7F, 02, 47, 33, 36, 35, 31, 34, 03, 2C]
[01, 7F, 02, 47, 33, 36, 35, 31, 33, 03, 2B]
[01, 7F, 02, 47, 33, 36, 35, 31, 32, 03, 2A]
[01, 7F, 02, 47, 33, 36, 35, 31, 31, 03, 29]
[01, 7F, 02, 47, 33, 36, 35, 31, 30, 03, 28]
[01, 7F, 02, 47, 33, 36, 35, 30, 39, 03, 20]
[01, 7F, 02, 47, 33, 36, 35, 30, 38, 03, 21]
[01, 7F, 02, 47, 33, 36, 35, 30, 37, 03, 2E]
[01, 7F, 02, 47, 33, 36, 35, 30, 36, 03, 2F]
[01, 7F, 02, 47, 33, 36, 35, 30, 35, 03, 2C]
[01, 7F, 02, 47, 33, 36, 35, 30, 34, 03, 2D]
[01, 7F, 02, 47, 33, 36, 35, 30, 33, 03, 2A]
[01, 7F, 02, 47, 33, 36, 35, 30, 32, 03, 2B]
[01, 7F, 02, 47, 33, 36, 35, 30, 31, 03, 28]
[01, 7F, 02, 47, 33, 36, 35, 30, 30, 03, 29]
[01, 7F, 02, 47, 31, 38, 90, 35, 34, 39, 44, 39, 30, 30, 20, 20, 34, 20, 03, 71]
[01, 7F, 02, 47, 33, 36, 34, 39, 39, 03, 28]
[01, 7F, 02, 47, 33, 30, 35, 20, 38, 39, 31, 32, 20, 03, 2D]
[01, 7F, 02, 47, 35, 30, 82, 31, 33, 03, 3C]
[01, 7F, 02, 47, 33, 33, 35, 80, 80, 80, 80, 80, 80, 80, 80, 80, 80, 80, 80, 03, 2C]
[01, 7F, 02, 47, 33, 34, 35, 80, 80, 80, 80, 80, 80, 80, 80, 80, 80, 80, 80, 03, 2B]
[01, 7F, 02, 47, 31, 39, 35, 30, 30, 30, 30, 03, 24]
[01, 7F, 02, 47, 33, 36, 34, 39, 38, 03, 29]
[01, 7F, 02, 47, 33, 36, 34, 39, 37, 03, 26]
[01, 7F, 02, 47, 33, 36, 34, 39, 36, 03, 27]
[01, 7F, 02, 47, 33, 36, 34, 39, 35, 03, 24]
[01, 7F, 02, 47, 33, 36, 34, 39, 34, 03, 25]
[01, 7F, 02, 47, 33, 36, 34, 39, 33, 03, 22]
[01, 7F, 02, 47, 33, 36, 34, 39, 32, 03, 23]
[01, 7F, 02, 47, 33, 36, 34, 39, 31, 03, 20]
[01, 7F, 02, 47, 33, 36, 34, 39, 30, 03, 21]
[01, 7F, 02, 47, 33, 36, 34, 38, 39, 03, 29]
[01, 7F, 02, 47, 33, 36, 34, 38, 38, 03, 28]
[01, 7F, 02, 47, 33, 36, 34, 38, 37, 03, 27]
[01, 7F, 02, 47, 33, 36, 34, 38, 36, 03, 26]
[01, 7F, 02, 47, 33, 36, 34, 38, 35, 03, 25]
[01, 7F, 02, 47, 33, 36, 34, 38, 34, 03, 24]
[01, 7F, 02, 47, 33, 36, 34, 38, 33, 03, 23]
[01, 7F, 02, 47, 33, 36, 34, 38, 32, 03, 22]
[01, 7F, 02, 47, 33, 36, 34, 38, 31, 03, 21]
[01, 7F, 02, 47, 33, 36, 34, 38, 30, 03, 20]
[01, 7F, 02, 47, 33, 36, 34, 37, 39, 03, 26]
[01, 7F, 02, 47, 33, 36, 34, 37, 38, 03, 27]
[01, 7F, 02, 47, 33, 36, 34, 37, 37, 03, 28]
[01, 7F, 02, 47, 33, 36, 34, 37, 36, 03, 29]
[01, 7F, 02, 47, 33, 36, 34, 37, 35, 03, 2A]
[01, 7F, 02, 47, 33, 36, 34, 37, 34, 03, 2B]
[01, 7F, 02, 47, 33, 36, 34, 37, 33, 03, 2C]
[01, 7F, 02, 47, 33, 36, 34, 37, 32, 03, 2D]
[01, 7F, 02, 47, 33, 36, 34, 37, 31, 03, 2E]
[01, 7F, 02, 47, 33, 36, 34, 37, 30, 03, 2F]
[01, 7F, 02, 47, 33, 36, 34, 36, 39, 03, 27]
[01, 7F, 02, 47, 31, 38, 92, 35, 34, 36, 44, 39, 30, 30, 20, 20, 34, 20, 03, 7C]
[01, 7F, 02, 47, 31, 38, 92, 35, 34, 36, 44, 39, 30, 30, 20, 20, 34, 20, 03, 7C]
[01, 7F, 02, 47, 31, 38, 92, 35, 34, 36, 44, 39, 30, 30, 20, 20, 34, 20, 03, 7C]
[01, 7F, 02, 47, 31, 38, 92, 35, 34, 36, 44, 39, 30, 30, 20, 20, 34, 20, 03, 7C]
[01, 7F, 02, 47, 35, 30, 82, 31, 33, 03, 3C]
[01, 7F, 02, 47, 31, 38, 92, 35, 34, 36, 44, 39, 30, 30, 20, 20, 34, 20, 03, 7C]
[01, 7F, 02, 47, 33, 30, 35, 20, 38, 39, 31, 32, 20, 03, 2D]
[01, 7F, 02, 47, 35, 30, 82, 31, 33, 03, 3C]
[01, 7F, 02, 47, 33, 33, 35, 80, 80, 80, 80, 80, 80, 80, 80, 80, 80, 80, 80, 03, 2C]
[01, 7F, 02, 47, 33, 34, 35, 80, 80, 80, 80, 80, 80, 80, 80, 80, 80, 80, 80, 03, 2B]
[01, 7F, 02, 47, 31, 39, 35, 30, 30, 30, 30, 03, 24]
[01, 7F, 02, 47, 31, 38, 92, 35, 34, 36, 44, 39, 30, 30, 20, 20, 34, 20, 03, 7C]
[01, 7F, 02, 47, 33, 30, 35, 20, 38, 39, 31, 32, 20, 03, 2D]
[01, 7F, 02, 47, 35, 30, 82, 31, 33, 03, 3C]
[01, 7F, 02, 47, 33, 33, 35, 80, 80, 80, 80, 80, 80, 80, 80, 80, 80, 80, 80, 03, 2C]
[01, 7F, 02, 47, 33, 34, 35, 80, 80, 80, 80, 80, 80, 80, 80, 80, 80, 80, 80, 03, 2B]
[01, 7F, 02, 47, 31, 39, 35, 30, 30, 30, 30, 03, 24]
[01, 7F, 02, 47, 31, 38, 92, 35, 34, 36, 44, 39, 30, 30, 20, 20, 34, 20, 03, 7C]
[01, 7F, 02, 47, 33, 30, 35, 20, 38, 39, 31, 32, 20, 03, 2D]
[01, 7F, 02, 47, 35, 30, 82, 31, 33, 03, 3C]
[01, 7F, 02, 47, 33, 33, 35, 80, 80, 80, 80, 80, 80, 80, 80, 80, 80, 80, 80, 03, 2C]
[01, 7F, 02, 47, 33, 34, 35, 80, 80, 80, 80, 80, 80, 80, 80, 80, 80, 80, 80, 03, 2B]
[01, 7F, 02, 47, 31, 39, 35, 30, 30, 30, 30, 03, 24]
[01, 7F, 02, 47, 32, 30, 31, 32, 34, 39, 03, 35]
[01, 7F, 02, 47, 31, 38, 92, 35, 34, 36, 44, 39, 30, 30, 20, 20, 34, 20, 03, 7C]
[01, 7F, 02, 47, 33, 30, 35, 20, 38, 39, 31, 32, 20, 03, 2D]
[01, 7F, 02, 47, 35, 30, 82, 31, 33, 03, 3C]
[01, 7F, 02, 47, 33, 33, 35, 80, 80, 80, 80, 80, 80, 80, 80, 80, 80, 80, 80, 03, 2C]
[01, 7F, 02, 47, 33, 34, 35, 80, 80, 80, 80, 80, 80, 80, 80, 80, 80, 80, 80, 03, 2B]
[01, 7F, 02, 47, 31, 39, 35, 30, 30, 30, 30, 03, 24]
[01, 7F, 02, 47, 31, 38, 92, 35, 34, 36, 44, 39, 30, 30, 20, 20, 34, 20, 03, 7C]
[01, 7F, 02, 47, 33, 30, 35, 20, 38, 39, 31, 32, 20, 03, 2D]
[01, 7F, 02, 47, 35, 30, 82, 31, 33, 03, 3C]
[01, 7F, 02, 47, 33, 33, 35, 80, 80, 80, 80, 80, 80, 80, 80, 80, 80, 80, 80, 03, 2C]
[01, 7F, 02, 47, 33, 34, 35, 80, 80, 80, 80, 80, 80, 80, 80, 80, 80, 80, 80, 03, 2B]
[01, 7F, 02, 47, 31, 39, 35, 30, 30, 30, 30, 03, 24]
[01, 7F, 02, 47, 31, 38, 92, 35, 34, 36, 44, 39, 30, 30, 20, 20, 34, 20, 03, 7C]
[01, 7F, 02, 47, 33, 30, 35, 20, 38, 39, 31, 32, 20, 03, 2D]
[01, 7F, 02, 47, 35, 30, 82, 31, 33, 03, 3C]
[01, 7F, 02, 47, 33, 33, 35, 80, 80, 80, 80, 80, 80, 80, 80, 80, 80, 80, 80, 03, 2C]
[01, 7F, 02, 47, 33, 34, 35, 80, 80, 80, 80, 80, 80, 80, 80, 80, 80, 80, 80, 03, 2B]
[01, 7F, 02, 47, 31, 39, 35, 30, 30, 30, 30, 03, 24]
[01, 7F, 02, 47, 31, 38, 92, 35, 34, 36, 44, 39, 30, 30, 20, 20, 34, 20, 03, 7C]
[01, 7F, 02, 47, 33, 30, 35, 20, 38, 39, 31, 32, 20, 03, 2D]
[01, 7F, 02, 47, 35, 30, 82, 31, 33, 03, 3C]
[01, 7F, 02, 47, 33, 33, 35, 80, 80, 80, 80, 80, 80, 80, 80, 80, 80, 80, 80, 03, 2C]
[01, 7F, 02, 47, 33, 34, 35, 80, 80, 80, 80, 80, 80, 80, 80, 80, 80, 80, 80, 03, 2B]
[01, 7F, 02, 47, 31, 39, 35, 30, 30, 30, 30, 03, 24]
[01, 7F, 02, 47, 31, 38, 92, 35, 34, 36, 44, 39, 30, 30, 20, 20, 34, 20, 03, 7C]
[01, 7F, 02, 47, 33, 30, 35, 20, 38, 39, 31, 32, 20, 03, 2D]
[01, 7F, 02, 47, 35, 30, 82, 31, 33, 03, 3C]
[01, 7F, 02, 47, 33, 33, 35, 80, 80, 80, 80, 80, 80, 80, 80, 80, 80, 80, 80, 03, 2C]
[01, 7F, 02, 47, 33, 34, 35, 80, 80, 80, 80, 80, 80, 80, 80, 80, 80, 80, 80, 03, 2B]
[01, 7F, 02, 47, 31, 39, 35, 30, 30, 30, 30, 03, 24]
[01, 7F, 02, 47, 31, 38, 92, 35, 34, 36, 44, 39, 30, 30, 20, 20, 34, 20, 03, 7C]
[01, 7F, 02, 47, 33, 30, 35, 20, 38, 39, 31, 32, 20, 03, 2D]
[01, 7F, 02, 47, 35, 30, 82, 31, 33, 03, 3C]
[01, 7F, 02, 47, 33, 33, 35, 80, 80, 80, 80, 80, 80, 80, 80, 80, 80, 80, 80, 03, 2C]
[01, 7F, 02, 47, 33, 34, 35, 80, 80, 80, 80, 80, 80, 80, 80, 80, 80, 80, 80, 03, 2B]
[01, 7F, 02, 47, 31, 39, 35, 30, 30, 30, 30, 03, 24]
[01, 7F, 02, 47, 32, 30, 31, 32, 35, 30, 03, 3D]
[01, 7F, 02, 47, 31, 38, 92, 35, 34, 36, 44, 39, 30, 30, 20, 20, 34, 20, 03, 7C]
[01, 7F, 02, 47, 33, 30, 35, 20, 38, 39, 31, 32, 20, 03, 2D]
[01, 7F, 02, 47, 35, 30, 82, 31, 33, 03, 3C]
[01, 7F, 02, 47, 33, 33, 35, 80, 80, 80, 80, 80, 80, 80, 80, 80, 80, 80, 80, 03, 2C]
[01, 7F, 02, 47, 33, 34, 35, 80, 80, 80, 80, 80, 80, 80, 80, 80, 80, 80, 80, 03, 2B]
[01, 7F, 02, 47, 31, 39, 35, 30, 30, 30, 30, 03, 24]
[01, 7F, 02, 47, 32, 30, 31, 32, 35, 30, 03, 3D]
