[01, 7F, 02, 47, 31, 38, 92, 35, 32, 34, 44, 34, 31, 31, 20, 20, 31, 20, 03, 70]
[01, 7F, 02, 47, 31, 38, 92, 35, 32, 34, 44, 34, 31, 31, 20, 20, 31, 20, 03, 70]
[01, 7F, 02, 47, 31, 38, 92, 35, 32, 34, 44, 34, 31, 31, 20, 20, 31, 20, 03, 70]
[01, 7F, 02, 47, 31, 38, 92, 35, 32, 34, 44, 34, 31, 31, 20, 20, 31, 20, 03, 70]
[01, 7F, 02, 47, 35, 30, 82, 32, 30, 03, 3C]
[01, 7F, 02, 47, 31, 38, 90, 35, 32, 34, 44, 33, 31, 31, 20, 20, 31, 20, 03, 75]
[01, 7F, 02, 47, 31, 38, 90, 35, 32, 34, 44, 32, 31, 31, 20, 20, 31, 20, 03, 74]
[01, 7F, 02, 47, 31, 38, 90, 35, 32, 34, 44, 32, 31, 31, 20, 20, 31, 20, 03, 74]
[01, 7F, 02, 47, 31, 38, 90, 35, 32, 34, 44, 32, 31, 31, 20, 20, 31, 20, 03, 74]
[01, 7F, 02, 47, 35, 30, 82, 32, 30, 03, 3C]
[01, 7F, 02, 47, 33, 30, 35, 20, 32, 20, 20, 30, 20, 03, 2D]
[01, 7F, 02, 47, 33, 33, 35, 80, 80, 80, 80, 80, 80, 80, 80, 80, 80, 80, 80, 03, 2C]
[01, 7F, 02, 47, 36, 30, 35, 00, 00, 03, 2A]
[01, 7F, 02, 47, 33, 31, 35, 20, 32, 20, 32, 20, 20, 20, 20, 03, 2E]
[01, 7F, 02, 47, 33, 30, 35, 20, 32, 20, 20, 30, 20, 03, 2D]
[01, 7F, 02, 47, 36, 30, 35, 00, 00, 03, 2A]
[01, 7F, 02, 47, 33, 34, 35, 80, 80, 80, 80, 80, 80, 80, 80, 80, 80, 80, 80, 03, 2B]
[01, 7F, 02, 47, 33, 31, 35, 20, 32, 20, 32, 20, 20, 20, 20, 03, 2E]
[01, 7F, 02, 47, 31, 38, 92, 35, 32, 31, 44, 38, 31, 31, 20, 20, 31, 20, 03, 79]
[01, 7F, 02, 47, 31, 38, 92, 35, 32, 31, 44, 38, 31, 31, 20, 20, 31, 20, 03, 79]
[01, 7F, 02, 47, 31, 38, 92, 35, 32, 31, 44, 38, 31, 31, 20, 20, 31, 20, 03, 79]
[01, 7F, 02, 47, 31, 38, 92, 35, 32, 31, 44, 38, 31, 31, 20, 20, 31, 20, 03, 79]
[01, 7F, 02, 47, 35, 30, 82, 32, 30, 03, 3C]
[01, 7F, 02, 47, 32, 30, 31, 37, 33, 36, 03, 38]
