[01, 7F, 02, 47, 31, 38, 82, 35, 20, 39, 33, 37, 30, 30, 20, 20, 31, 20, 03, 2B]
[01, 7F, 02, 47, 35, 30, 80, 32, 34, 03, 3A]
[01, 7F, 02, 47, 31, 38, 82, 35, 20, 39, 33, 37, 30, 30, 20, 20, 31, 20, 03, 2B]
[01, 7F, 02, 47, 35, 30, 80, 32, 33, 03, 3D]
[01, 7F, 02, 47, 32, 30, 31, 37, 32, 31, 03, 3E]
[01, 7F, 02, 47, 31, 38, 82, 35, 20, 39, 33, 37, 30, 30, 20, 20, 31, 20, 03, 2B]
[01, 7F, 02, 47, 35, 30, 82, 31, 31, 03, 3E]
[01, 7F, 02, 47, 31, 38, 82, 35, 20, 39, 33, 37, 30, 30, 20, 20, 31, 20, 03, 2B]
[01, 7F, 02, 47, 35, 30, 82, 31, 31, 03, 3E]
[01, 7F, 02, 47, 31, 38, 82, 35, 20, 39, 33, 37, 30, 30, 20, 20, 31, 20, 03, 2B]
[01, 7F, 02, 47, 35, 30, 8A, 32, 34, 03, 30]
[01, 7F, 02, 47, 31, 38, 82, 35, 20, 39, 33, 37, 30, 30, 20, 20, 31, 20, 03, 2B]
[01, 7F, 02, 47, 35, 30, 82, 32, 34, 03, 38]
[01, 7F, 02, 47, 31, 38, 80, 35, 20, 39, 33, 37, 30, 30, 20, 20, 31, 20, 03, 29]
[01, 7F, 02, 47, 31, 38, 80, 35, 20, 39, 33, 37, 30, 30, 20, 20, 31, 20, 03, 29]
[01, 7F, 02, 47, 31, 38, 80, 35, 20, 39, 33, 37, 30, 30, 20, 20, 31, 20, 03, 29]
[01, 7F, 02, 47, 31, 38, 80, 35, 20, 39, 33, 37, 30, 30, 20, 20, 31, 20, 03, 29]
[01, 7F, 02, 47, 35, 30, 82, 32, 34, 03, 38]
[01, 7F, 02, 47, 33, 30, 35, 20, 30, 20, 20, 30, 20, 03, 2F]
[01, 7F, 02, 47, 33, 33, 35, 80, 80, 80, 80, 80, 80, 80, 80, 80, 80, 80, 80, 03, 2C]
[01, 7F, 02, 47, 36, 30, 35, 00, 00, 03, 2A]
[01, 7F, 02, 47, 33, 31, 35, 20, 30, 20, 30, 20, 20, 20, 20, 03, 2E]
[01, 7F, 02, 47, 33, 30, 35, 20, 30, 20, 20, 30, 20, 03, 2F]
[01, 7F, 02, 47, 33, 34, 35, 80, 80, 80, 80, 80, 80, 80, 80, 80, 80, 80, 80, 03, 2B]
[01, 7F, 02, 47, 36, 30, 35, 00, 00, 03, 2A]
[01, 7F, 02, 47, 33, 31, 35, 20, 30, 20, 30, 20, 20, 20, 20, 03, 2E]
[01, 7F, 02, 47, 31, 38, 82, 35, 20, 39, 33, 31, 30, 30, 20, 20, 31, 20, 03, 2D]
[01, 7F, 02, 47, 31, 38, 82, 35, 20, 39, 33, 31, 30, 30, 20, 20, 31, 20, 03, 2D]
[01, 7F, 02, 47, 31, 38, 82, 35, 20, 39, 33, 31, 30, 30, 20, 20, 31, 20, 03, 2D]
[01, 7F, 02, 47, 31, 38, 82, 35, 20, 39, 33, 31, 30, 30, 20, 20, 31, 20, 03, 2D]
[01, 7F, 02, 47, 35, 30, 82, 32, 34, 03, 38]
[01, 7F, 02, 47, 33, 30, 35, 20, 32, 20, 20, 30, 20, 03, 2D]
[01, 7F, 02, 47, 33, 33, 35, 80, 80, 80, 80, 80, 80, 80, 80, 80, 80, 80, 80, 03, 2C]
[01, 7F, 02, 47, 33, 31, 35, 20, 30, 20, 30, 20, 20, 20, 20, 03, 2E]
[01, 7F, 02, 47, 31, 38, 82, 35, 20, 39, 33, 31, 30, 30, 20, 20, 31, 20, 03, 2D]
[01, 7F, 02, 47, 35, 30, 82, 32, 34, 03, 38]
[01, 7F, 02, 47, 33, 30, 35, 20, 32, 20, 20, 30, 20, 03, 2D]
[01, 7F, 02, 47, 33, 33, 35, 80, 80, 80, 80, 80, 80, 80, 80, 80, 80, 80, 80, 03, 2C]
[01, 7F, 02, 47, 33, 31, 35, 20, 30, 20, 30, 20, 20, 20, 20, 03, 2E]
[01, 7F, 02, 47, 31, 38, 82, 35, 20, 39, 33, 31, 31, 30, 20, 20, 31, 20, 03, 2C]
[01, 7F, 02, 47, 31, 39, 35, 31, 30, 30, 30, 03, 25]
[01, 7F, 02, 47, 31, 39, 35, 31, 30, 36, 30, 03, 23]
[01, 7F, 02, 47, 31, 38, 82, 35, 20, 39, 33, 31, 31, 30, 20, 20, 31, 20, 03, 2C]
[01, 7F, 02, 47, 31, 38, 82, 35, 20, 39, 33, 31, 31, 30, 20, 20, 31, 20, 03, 2C]
[01, 7F, 02, 47, 31, 38, 82, 35, 20, 39, 33, 31, 31, 30, 20, 20, 31, 20, 03, 2C]
[01, 7F, 02, 47, 31, 39, 35, 31, 30, 30, 30, 03, 25]
[01, 7F, 02, 47, 31, 38, 82, 35, 20, 39, 33, 31, 31, 30, 20, 20, 31, 20, 03, 2C]
[01, 7F, 02, 47, 31, 38, 82, 35, 20, 39, 33, 31, 31, 30, 20, 20, 31, 20, 03, 2C]
[01, 7F, 02, 47, 35, 30, 82, 32, 34, 03, 38]
[01, 7F, 02, 47, 31, 38, 82, 35, 20, 39, 33, 31, 31, 30, 20, 20, 31, 20, 03, 2C]
[01, 7F, 02, 47, 31, 39, 35, 31, 30, 30, 30, 03, 25]
[01, 7F, 02, 47, 31, 38, 82, 35, 20, 39, 33, 31, 31, 30, 20, 20, 31, 20, 03, 2C]
[01, 7F, 02, 47, 31, 39, 35, 31, 30, 30, 30, 03, 25]
[01, 7F, 02, 47, 33, 30, 35, 20, 32, 20, 20, 30, 20, 03, 2D]
[01, 7F, 02, 47, 33, 33, 35, 80, 80, 80, 80, 80, 80, 80, 80, 80, 80, 80, 80, 03, 2C]
[01, 7F, 02, 47, 31, 39, 35, 31, 30, 30, 30, 03, 25]
[01, 7F, 02, 47, 33, 31, 35, 20, 30, 20, 30, 20, 20, 20, 20, 03, 2E]
[01, 7F, 02, 47, 31, 38, 82, 35, 20, 39, 33, 31, 31, 30, 20, 20, 31, 20, 03, 2C]
[01, 7F, 02, 47, 31, 38, 82, 35, 20, 39, 33, 31, 31, 30, 20, 20, 31, 20, 03, 2C]
[01, 7F, 02, 47, 31, 38, 82, 35, 20, 39, 33, 31, 31, 30, 20, 20, 31, 20, 03, 2C]
[01, 7F, 02, 47, 31, 38, 82, 35, 20, 39, 33, 31, 31, 30, 20, 20, 31, 20, 03, 2C]
[01, 7F, 02, 47, 35, 30, 82, 32, 34, 03, 38]
[01, 7F, 02, 47, 33, 30, 35, 20, 32, 20, 20, 30, 20, 03, 2D]
[01, 7F, 02, 47, 33, 34, 35, 80, 80, 80, 80, 80, 80, 80, 80, 80, 80, 80, 80, 03, 2B]
[01, 7F, 02, 47, 33, 31, 35, 20, 30, 20, 32, 20, 20, 20, 20, 03, 2C]
[01, 7F, 02, 47, 33, 30, 35, 20, 32, 20, 20, 30, 20, 03, 2D]
[01, 7F, 02, 47, 33, 33, 35, 80, 80, 80, 80, 80, 80, 80, 80, 80, 80, 80, 80, 03, 2C]
[01, 7F, 02, 47, 33, 31, 35, 20, 32, 20, 32, 20, 20, 20, 20, 03, 2E]
[01, 7F, 02, 47, 32, 30, 31, 37, 32, 32, 03, 3D]
[01, 7F, 02, 47, 31, 38, 82, 35, 20, 39, 33, 31, 31, 30, 20, 20, 31, 20, 03, 2C]
[01, 7F, 02, 47, 35, 30, 82, 32, 34, 03, 38]
[01, 7F, 02, 47, 33, 30, 35, 20, 32, 20, 20, 30, 20, 03, 2D]
[01, 7F, 02, 47, 33, 34, 35, 80, 80, 80, 80, 80, 80, 80, 80, 80, 80, 80, 80, 03, 2B]
[01, 7F, 02, 47, 33, 31, 35, 20, 32, 20, 32, 20, 20, 20, 20, 03, 2E]
[01, 7F, 02, 47, 31, 38, 82, 35, 20, 39, 33, 31, 31, 31, 20, 20, 31, 20, 03, 2D]
[01, 7F, 02, 47, 31, 39, 35, 31, 31, 30, 30, 03, 24]
[01, 7F, 02, 47, 31, 39, 35, 31, 31, 36, 30, 03, 22]
[01, 7F, 02, 47, 31, 38, 82, 35, 20, 39, 33, 31, 31, 31, 20, 20, 31, 20, 03, 2D]
[01, 7F, 02, 47, 31, 38, 82, 35, 20, 39, 33, 31, 31, 31, 20, 20, 31, 20, 03, 2D]
[01, 7F, 02, 47, 31, 39, 35, 31, 31, 30, 30, 03, 24]
[01, 7F, 02, 47, 31, 38, 82, 35, 20, 39, 33, 31, 31, 31, 20, 20, 31, 20, 03, 2D]
[01, 7F, 02, 47, 31, 38, 82, 35, 20, 39, 33, 31, 31, 31, 20, 20, 31, 20, 03, 2D]
[01, 7F, 02, 47, 31, 38, 82, 35, 20, 39, 33, 31, 31, 31, 20, 20, 31, 20, 03, 2D]
[01, 7F, 02, 47, 35, 30, 82, 32, 34, 03, 38]
[01, 7F, 02, 47, 31, 38, 82, 35, 20, 39, 33, 31, 31, 31, 20, 20, 31, 20, 03, 2D]
[01, 7F, 02, 47, 31, 39, 35, 31, 31, 30, 30, 03, 24]
[01, 7F, 02, 47, 31, 38, 82, 35, 20, 39, 33, 31, 31, 31, 20, 20, 31, 20, 03, 2D]
[01, 7F, 02, 47, 31, 39, 35, 31, 31, 30, 30, 03, 24]
[01, 7F, 02, 47, 33, 30, 35, 20, 32, 20, 20, 30, 20, 03, 2D]
[01, 7F, 02, 47, 33, 34, 35, 80, 80, 80, 80, 80, 80, 80, 80, 80, 80, 80, 80, 03, 2B]
[01, 7F, 02, 47, 31, 39, 35, 31, 31, 30, 30, 03, 24]
[01, 7F, 02, 47, 33, 31, 35, 20, 32, 20, 32, 20, 20, 20, 20, 03, 2E]
[01, 7F, 02, 47, 31, 38, 82, 35, 20, 39, 33, 31, 31, 31, 20, 20, 31, 20, 03, 2D]
[01, 7F, 02, 47, 31, 38, 82, 35, 20, 39, 33, 31, 31, 31, 20, 20, 31, 20, 03, 2D]
[01, 7F, 02, 47, 31, 38, 82, 35, 20, 39, 33, 31, 31, 31, 20, 20, 31, 20, 03, 2D]
[01, 7F, 02, 47, 31, 38, 82, 35, 20, 39, 33, 31, 31, 31, 20, 20, 31, 20, 03, 2D]
[01, 7F, 02, 47, 35, 30, 82, 32, 34, 03, 38]
[01, 7F, 02, 47, 32, 30, 31, 37, 32, 34, 03, 3B]
