[01, 7F, 02, 47, 33, 36, 33, 38, 32, 03, 25]
[01, 7F, 02, 47, 33, 36, 33, 38, 31, 03, 26]
[01, 7F, 02, 47, 33, 36, 33, 38, 30, 03, 27]
[01, 7F, 02, 47, 33, 36, 33, 37, 39, 03, 21]
[01, 7F, 02, 47, 33, 36, 33, 37, 38, 03, 20]
[01, 7F, 02, 47, 33, 36, 33, 37, 37, 03, 2F]
[01, 7F, 02, 47, 33, 36, 33, 37, 36, 03, 2E]
[01, 7F, 02, 47, 33, 36, 33, 37, 35, 03, 2D]
[01, 7F, 02, 47, 33, 36, 33, 37, 34, 03, 2C]
[01, 7F, 02, 47, 33, 36, 33, 37, 33, 03, 2B]
[01, 7F, 02, 47, 33, 36, 33, 37, 32, 03, 2A]
[01, 7F, 02, 47, 33, 36, 33, 37, 31, 03, 29]
[01, 7F, 02, 47, 33, 36, 33, 37, 30, 03, 28]
[01, 7F, 02, 47, 31, 38, 90, 35, 33, 36, 44, 39, 30, 30, 20, 20, 31, 20, 03, 7C]
[01, 7F, 02, 47, 33, 36, 33, 36, 39, 03, 20]
[01, 7F, 02, 47, 33, 30, 35, 20, 30, 20, 20, 30, 20, 03, 2F]
[01, 7F, 02, 47, 35, 30, 82, 32, 34, 03, 38]
[01, 7F, 02, 47, 33, 33, 35, 80, 80, 80, 80, 80, 80, 80, 80, 80, 80, 80, 80, 03, 2C]
[01, 7F, 02, 47, 33, 34, 35, 80, 80, 80, 80, 80, 80, 80, 80, 80, 80, 80, 80, 03, 2B]
[01, 7F, 02, 47, 31, 39, 35, 30, 30, 30, 30, 03, 24]
[01, 7F, 02, 47, 33, 36, 33, 36, 38, 03, 21]
[01, 7F, 02, 47, 33, 36, 33, 36, 37, 03, 2E]
[01, 7F, 02, 47, 33, 36, 33, 36, 36, 03, 2F]
[01, 7F, 02, 47, 33, 36, 33, 36, 35, 03, 2C]
[01, 7F, 02, 47, 33, 36, 33, 36, 34, 03, 2D]
[01, 7F, 02, 47, 33, 36, 33, 36, 33, 03, 2A]
[01, 7F, 02, 47, 33, 36, 33, 36, 32, 03, 2B]
[01, 7F, 02, 47, 33, 36, 33, 36, 31, 03, 28]
[01, 7F, 02, 47, 33, 36, 33, 36, 30, 03, 29]
[01, 7F, 02, 47, 33, 36, 33, 35, 39, 03, 23]
[01, 7F, 02, 47, 33, 36, 33, 35, 38, 03, 22]
[01, 7F, 02, 47, 33, 36, 33, 35, 37, 03, 2D]
[01, 7F, 02, 47, 33, 36, 33, 35, 36, 03, 2C]
[01, 7F, 02, 47, 33, 36, 33, 35, 35, 03, 2F]
[01, 7F, 02, 47, 33, 36, 33, 35, 34, 03, 2E]
[01, 7F, 02, 47, 33, 36, 33, 35, 33, 03, 29]
[01, 7F, 02, 47, 33, 36, 33, 35, 32, 03, 28]
[01, 7F, 02, 47, 33, 36, 33, 35, 31, 03, 2B]
[01, 7F, 02, 47, 33, 36, 33, 35, 30, 03, 2A]
[01, 7F, 02, 47, 33, 36, 33, 34, 39, 03, 22]
[01, 7F, 02, 47, 33, 36, 33, 34, 38, 03, 23]
[01, 7F, 02, 47, 33, 36, 33, 34, 37, 03, 2C]
[01, 7F, 02, 47, 33, 36, 33, 34, 36, 03, 2D]
[01, 7F, 02, 47, 33, 36, 33, 34, 35, 03, 2E]
[01, 7F, 02, 47, 33, 36, 33, 34, 34, 03, 2F]
[01, 7F, 02, 47, 33, 36, 33, 34, 33, 03, 28]
[01, 7F, 02, 47, 33, 36, 33, 34, 32, 03, 29]
[01, 7F, 02, 47, 33, 36, 33, 34, 31, 03, 2A]
[01, 7F, 02, 47, 33, 36, 33, 34, 30, 03, 2B]
[01, 7F, 02, 47, 33, 36, 33, 33, 39, 03, 25]
[01, 7F, 02, 47, 33, 36, 33, 33, 38, 03, 24]
[01, 7F, 02, 47, 33, 36, 33, 33, 37, 03, 2B]
[01, 7F, 02, 47, 31, 38, 92, 35, 33, 33, 44, 37, 30, 30, 20, 20, 31, 20, 03, 75]
[01, 7F, 02, 47, 31, 38, 92, 35, 33, 33, 44, 37, 30, 30, 20, 20, 31, 20, 03, 75]
[01, 7F, 02, 47, 31, 38, 92, 35, 33, 33, 44, 37, 30, 30, 20, 20, 31, 20, 03, 75]
[01, 7F, 02, 47, 31, 38, 92, 35, 33, 33, 44, 37, 30, 30, 20, 20, 31, 20, 03, 75]
[01, 7F, 02, 47, 35, 30, 82, 32, 34, 03, 38]
[01, 7F, 02, 47, 33, 36, 33, 33, 37, 03, 2B]
[01, 7F, 02, 47, 31, 38, 90, 35, 33, 33, 44, 35, 30, 30, 20, 20, 31, 20, 03, 75]
[01, 7F, 02, 47, 33, 36, 33, 33, 35, 03, 29]
[01, 7F, 02, 47, 33, 36, 33, 33, 34, 03, 28]
[01, 7F, 02, 47, 31, 38, 90, 35, 33, 33, 44, 34, 30, 30, 20, 20, 31, 20, 03, 74]
[01, 7F, 02, 47, 31, 38, 90, 35, 33, 33, 44, 34, 30, 30, 20, 20, 31, 20, 03, 74]
[01, 7F, 02, 47, 31, 38, 90, 35, 33, 33, 44, 33, 30, 30, 20, 20, 31, 20, 03, 73]
[01, 7F, 02, 47, 35, 30, 82, 32, 34, 03, 38]
[01, 7F, 02, 47, 33, 36, 33, 33, 33, 03, 2F]
[01, 7F, 02, 47, 33, 30, 35, 20, 30, 20, 20, 30, 20, 03, 2F]
[01, 7F, 02, 47, 33, 33, 35, 80, 80, 80, 80, 80, 80, 80, 80, 80, 80, 80, 80, 03, 2C]
[01, 7F, 02, 47, 36, 30, 35, 00, 00, 03, 2A]
[01, 7F, 02, 47, 33, 31, 35, 20, 30, 20, 30, 20, 20, 20, 20, 03, 2E]
[01, 7F, 02, 47, 33, 36, 33, 33, 32, 03, 2E]
[01, 7F, 02, 47, 33, 30, 35, 20, 30, 20, 20, 30, 20, 03, 2F]
[01, 7F, 02, 47, 33, 34, 35, 80, 80, 80, 80, 80, 80, 80, 80, 80, 80, 80, 80, 03, 2B]
[01, 7F, 02, 47, 36, 30, 35, 00, 00, 03, 2A]
[01, 7F, 02, 47, 33, 31, 35, 20, 30, 20, 30, 20, 20, 20, 20, 03, 2E]
[01, 7F, 02, 47, 33, 36, 33, 33, 31, 03, 2D]
[01, 7F, 02, 47, 33, 36, 33, 33, 30, 03, 2C]
[01, 7F, 02, 47, 33, 36, 33, 32, 39, 03, 24]
[01, 7F, 02, 47, 33, 36, 33, 32, 38, 03, 25]
[01, 7F, 02, 47, 33, 36, 33, 32, 37, 03, 2A]
[01, 7F, 02, 47, 33, 36, 33, 32, 36, 03, 2B]
[01, 7F, 02, 47, 33, 36, 33, 32, 35, 03, 28]
[01, 7F, 02, 47, 33, 36, 33, 32, 34, 03, 29]
[01, 7F, 02, 47, 31, 38, 92, 35, 33, 32, 44, 34, 30, 30, 20, 20, 31, 20, 03, 77]
[01, 7F, 02, 47, 31, 38, 92, 35, 33, 32, 44, 34, 30, 30, 20, 20, 31, 20, 03, 77]
[01, 7F, 02, 47, 31, 38, 92, 35, 33, 32, 44, 34, 30, 30, 20, 20, 31, 20, 03, 77]
[01, 7F, 02, 47, 31, 38, 92, 35, 33, 32, 44, 34, 30, 30, 20, 20, 31, 20, 03, 77]
[01, 7F, 02, 47, 35, 30, 82, 32, 34, 03, 38]
[01, 7F, 02, 47, 32, 30, 31, 32, 35, 36, 03, 3B]
[01, 7F, 02, 47, 31, 38, 92, 35, 33, 32, 44, 34, 30, 30, 20, 20, 31, 20, 03, 77]
[01, 7F, 02, 47, 33, 30, 35, 20, 30, 20, 20, 30, 20, 03, 2F]
[01, 7F, 02, 47, 35, 30, 82, 32, 34, 03, 38]
[01, 7F, 02, 47, 33, 33, 35, 80, 80, 80, 80, 80, 80, 80, 80, 80, 80, 80, 80, 03, 2C]
[01, 7F, 02, 47, 33, 34, 35, 80, 80, 80, 80, 80, 80, 80, 80, 80, 80, 80, 80, 03, 2B]
[01, 7F, 02, 47, 31, 39, 35, 30, 30, 30, 30, 03, 24]
[01, 7F, 02, 47, 31, 38, 92, 35, 33, 32, 44, 34, 30, 30, 20, 20, 31, 20, 03, 77]
[01, 7F, 02, 47, 35, 30, 80, 32, 34, 03, 3A]
[01, 7F, 02, 47, 35, 30, 80, 32, 33, 03, 3D]
[01, 7F, 02, 47, 31, 38, 92, 35, 33, 32, 44, 34, 30, 30, 20, 20, 31, 20, 03, 77]
[01, 7F, 02, 47, 35, 30, 80, 32, 33, 03, 3D]
[01, 7F, 02, 47, 31, 38, 92, 35, 33, 32, 44, 34, 30, 30, 20, 20, 31, 20, 03, 77]
[01, 7F, 02, 47, 33, 30, 35, 20, 30, 20, 20, 30, 20, 03, 2F]
[01, 7F, 02, 47, 35, 30, 80, 32, 33, 03, 3D]
[01, 7F, 02, 47, 33, 33, 35, 80, 80, 80, 80, 80, 80, 80, 80, 80, 80, 80, 80, 03, 2C]
[01, 7F, 02, 47, 33, 34, 35, 80, 80, 80, 80, 80, 80, 80, 80, 80, 80, 80, 80, 03, 2B]
[01, 7F, 02, 47, 31, 39, 35, 30, 30, 30, 30, 03, 24]
[01, 7F, 02, 47, 35, 30, 80, 32, 32, 03, 3C]
[01, 7F, 02, 47, 31, 38, 92, 35, 33, 32, 44, 34, 30, 30, 20, 20, 31, 20, 03, 77]
[01, 7F, 02, 47, 35, 30, 82, 32, 32, 03, 3E]
[01, 7F, 02, 47, 31, 38, 92, 35, 33, 32, 44, 34, 30, 30, 20, 20, 31, 20, 03, 77]
[01, 7F, 02, 47, 35, 30, 82, 32, 32, 03, 3E]
[01, 7F, 02, 47, 33, 36, 33, 32, 34, 03, 29]
[01, 7F, 02, 47, 31, 38, 90, 35, 33, 32, 44, 32, 30, 30, 20, 20, 31, 20, 03, 73]
[01, 7F, 02, 47, 33, 36, 33, 32, 32, 03, 2F]
[01, 7F, 02, 47, 31, 38, 90, 35, 33, 32, 44, 32, 30, 30, 20, 20, 31, 20, 03, 73]
[01, 7F, 02, 47, 31, 38, 90, 35, 33, 32, 44, 31, 30, 30, 20, 20, 31, 20, 03, 70]
[01, 7F, 02, 47, 31, 38, 90, 35, 33, 32, 44, 31, 30, 30, 20, 20, 31, 20, 03, 70]
[01, 7F, 02, 47, 33, 36, 33, 32, 31, 03, 2C]
[01, 7F, 02, 47, 35, 30, 82, 32, 32, 03, 3E]
[01, 7F, 02, 47, 33, 30, 35, 20, 30, 20, 20, 30, 20, 03, 2F]
[01, 7F, 02, 47, 33, 33, 35, 80, 80, 80, 80, 80, 80, 80, 80, 80, 80, 80, 80, 03, 2C]
[01, 7F, 02, 47, 33, 36, 33, 32, 30, 03, 2D]
[01, 7F, 02, 47, 36, 30, 35, 00, 00, 03, 2A]
[01, 7F, 02, 47, 33, 31, 35, 20, 30, 20, 30, 20, 20, 20, 20, 03, 2E]
[01, 7F, 02, 47, 33, 30, 35, 20, 30, 20, 20, 30, 20, 03, 2F]
[01, 7F, 02, 47, 33, 34, 35, 80, 80, 80, 80, 80, 80, 80, 80, 80, 80, 80, 80, 03, 2B]
[01, 7F, 02, 47, 33, 36, 33, 31, 39, 03, 27]
[01, 7F, 02, 47, 36, 30, 35, 00, 00, 03, 2A]
[01, 7F, 02, 47, 33, 31, 35, 20, 30, 20, 30, 20, 20, 20, 20, 03, 2E]
[01, 7F, 02, 47, 33, 36, 33, 31, 38, 03, 26]
[01, 7F, 02, 47, 33, 36, 33, 31, 37, 03, 29]
[01, 7F, 02, 47, 33, 36, 33, 31, 36, 03, 28]
[01, 7F, 02, 47, 33, 36, 33, 31, 35, 03, 2B]
[01, 7F, 02, 47, 33, 36, 33, 31, 34, 03, 2A]
[01, 7F, 02, 47, 33, 36, 33, 31, 33, 03, 2D]
[01, 7F, 02, 47, 33, 36, 33, 31, 32, 03, 2C]
[01, 7F, 02, 47, 33, 36, 33, 31, 31, 03, 2F]
[01, 7F, 02, 47, 33, 36, 33, 31, 30, 03, 2E]
[01, 7F, 02, 47, 33, 36, 33, 30, 39, 03, 26]
[01, 7F, 02, 47, 33, 36, 33, 30, 38, 03, 27]
[01, 7F, 02, 47, 33, 36, 33, 30, 37, 03, 28]
[01, 7F, 02, 47, 33, 36, 33, 30, 36, 03, 29]
[01, 7F, 02, 47, 33, 36, 33, 30, 35, 03, 2A]
[01, 7F, 02, 47, 33, 36, 33, 30, 34, 03, 2B]
[01, 7F, 02, 47, 33, 36, 33, 30, 33, 03, 2C]
[01, 7F, 02, 47, 33, 36, 33, 30, 32, 03, 2D]
[01, 7F, 02, 47, 33, 36, 33, 30, 31, 03, 2E]
[01, 7F, 02, 47, 33, 36, 33, 30, 30, 03, 2F]
[01, 7F, 02, 47, 33, 36, 32, 39, 39, 03, 2E]
[01, 7F, 02, 47, 33, 36, 32, 39, 38, 03, 2F]
[01, 7F, 02, 47, 33, 36, 32, 39, 37, 03, 20]
[01, 7F, 02, 47, 33, 36, 32, 39, 36, 03, 21]
[01, 7F, 02, 47, 33, 36, 32, 39, 35, 03, 22]
[01, 7F, 02, 47, 33, 36, 32, 39, 34, 03, 23]
[01, 7F, 02, 47, 33, 36, 32, 39, 33, 03, 24]
[01, 7F, 02, 47, 33, 36, 32, 39, 32, 03, 25]
[01, 7F, 02, 47, 33, 36, 32, 39, 31, 03, 26]
[01, 7F, 02, 47, 33, 36, 32, 39, 30, 03, 27]
[01, 7F, 02, 47, 33, 36, 32, 38, 39, 03, 2F]
[01, 7F, 02, 47, 33, 36, 32, 38, 38, 03, 2E]
[01, 7F, 02, 47, 33, 36, 32, 38, 37, 03, 21]
[01, 7F, 02, 47, 33, 36, 32, 38, 36, 03, 20]
[01, 7F, 02, 47, 33, 36, 32, 38, 35, 03, 23]
[01, 7F, 02, 47, 33, 36, 32, 38, 34, 03, 22]
[01, 7F, 02, 47, 33, 36, 32, 38, 33, 03, 25]
[01, 7F, 02, 47, 33, 36, 32, 38, 32, 03, 24]
[01, 7F, 02, 47, 33, 36, 32, 38, 31, 03, 27]
[01, 7F, 02, 47, 33, 36, 32, 38, 30, 03, 26]
[01, 7F, 02, 47, 33, 36, 32, 37, 39, 03, 20]
[01, 7F, 02, 47, 33, 36, 32, 37, 38, 03, 21]
[01, 7F, 02, 47, 33, 36, 32, 37, 37, 03, 2E]
[01, 7F, 02, 47, 33, 36, 32, 37, 36, 03, 2F]
[01, 7F, 02, 47, 33, 36, 32, 37, 35, 03, 2C]
[01, 7F, 02, 47, 33, 36, 32, 37, 34, 03, 2D]
[01, 7F, 02, 47, 33, 36, 32, 37, 33, 03, 2A]
[01, 7F, 02, 47, 31, 38, 92, 35, 32, 37, 44, 33, 30, 30, 20, 20, 31, 20, 03, 74]
[01, 7F, 02, 47, 31, 38, 92, 35, 32, 37, 44, 33, 30, 30, 20, 20, 31, 20, 03, 74]
[01, 7F, 02, 47, 31, 38, 92, 35, 32, 37, 44, 33, 30, 30, 20, 20, 31, 20, 03, 74]
[01, 7F, 02, 47, 31, 38, 92, 35, 32, 37, 44, 33, 30, 30, 20, 20, 31, 20, 03, 74]
[01, 7F, 02, 47, 35, 30, 82, 32, 32, 03, 3E]
[01, 7F, 02, 47, 31, 38, 92, 35, 32, 37, 44, 33, 30, 30, 20, 20, 31, 20, 03, 74]
[01, 7F, 02, 47, 33, 30, 35, 20, 30, 20, 20, 30, 20, 03, 2F]
[01, 7F, 02, 47, 35, 30, 82, 32, 32, 03, 3E]
[01, 7F, 02, 47, 33, 33, 35, 80, 80, 80, 80, 80, 80, 80, 80, 80, 80, 80, 80, 03, 2C]
[01, 7F, 02, 47, 33, 34, 35, 80, 80, 80, 80, 80, 80, 80, 80, 80, 80, 80, 80, 03, 2B]
[01, 7F, 02, 47, 31, 39, 35, 30, 30, 30, 30, 03, 24]
[01, 7F, 02, 47, 33, 30, 35, 20, 32, 20, 20, 30, 20, 03, 2D]
[01, 7F, 02, 47, 33, 33, 35, 80, 80, 80, 80, 80, 80, 80, 80, 80, 80, 80, 80, 03, 2C]
[01, 7F, 02, 47, 33, 31, 35, 20, 30, 20, 30, 20, 20, 20, 20, 03, 2E]
[01, 7F, 02, 47, 31, 38, 92, 35, 32, 37, 44, 33, 30, 30, 20, 20, 31, 20, 03, 74]
[01, 7F, 02, 47, 31, 38, 92, 35, 32, 37, 44, 33, 30, 30, 20, 20, 31, 20, 03, 74]
[01, 7F, 02, 47, 31, 38, 92, 35, 32, 37, 44, 33, 30, 30, 20, 20, 31, 20, 03, 74]
[01, 7F, 02, 47, 31, 38, 92, 35, 32, 37, 44, 33, 30, 30, 20, 20, 31, 20, 03, 74]
[01, 7F, 02, 47, 35, 30, 82, 32, 32, 03, 3E]
[01, 7F, 02, 47, 31, 38, 92, 35, 32, 37, 44, 33, 30, 30, 20, 20, 31, 20, 03, 74]
[01, 7F, 02, 47, 33, 30, 35, 20, 32, 20, 20, 30, 20, 03, 2D]
[01, 7F, 02, 47, 35, 30, 82, 32, 32, 03, 3E]
[01, 7F, 02, 47, 33, 33, 35, 80, 80, 80, 80, 80, 80, 80, 80, 80, 80, 80, 80, 03, 2C]
[01, 7F, 02, 47, 33, 34, 35, 80, 80, 80, 80, 80, 80, 80, 80, 80, 80, 80, 80, 03, 2B]
[01, 7F, 02, 47, 31, 39, 35, 30, 30, 30, 30, 03, 24]
[01, 7F, 02, 47, 33, 30, 35, 20, 32, 20, 20, 38, 20, 03, 25]
[01, 7F, 02, 47, 33, 34, 35, 80, 80, 80, 80, 80, 80, 80, 80, 80, 80, 80, 80, 03, 2B]
[01, 7F, 02, 47, 33, 31, 35, 20, 30, 20, 30, 20, 20, 20, 20, 03, 2E]
[01, 7F, 02, 47, 33, 30, 35, 20, 32, 20, 20, 38, 20, 03, 25]
[01, 7F, 02, 47, 33, 34, 35, 80, 80, 80, 80, 80, 80, 80, 80, 80, 80, 80, 80, 03, 2B]
[01, 7F, 02, 47, 33, 31, 35, 20, 30, 20, 33, 20, 20, 20, 20, 03, 2D]
[01, 7F, 02, 47, 33, 30, 35, 20, 32, 20, 20, 38, 20, 03, 25]
[01, 7F, 02, 47, 33, 33, 35, 80, 80, 80, 80, 80, 80, 80, 80, 80, 80, 80, 80, 03, 2C]
[01, 7F, 02, 47, 33, 31, 35, 20, 32, 20, 33, 20, 20, 20, 20, 03, 2F]
[01, 7F, 02, 47, 31, 38, 92, 35, 32, 37, 44, 33, 30, 30, 20, 20, 31, 20, 03, 74]
[01, 7F, 02, 47, 33, 30, 35, 20, 32, 20, 20, 38, 20, 03, 25]
[01, 7F, 02, 47, 35, 30, 82, 32, 32, 03, 3E]
[01, 7F, 02, 47, 33, 33, 35, 80, 80, 80, 80, 80, 80, 80, 80, 80, 80, 80, 80, 03, 2C]
[01, 7F, 02, 47, 33, 34, 35, 80, 80, 80, 80, 80, 80, 80, 80, 80, 80, 80, 80, 03, 2B]
[01, 7F, 02, 47, 31, 39, 35, 30, 30, 30, 30, 03, 24]
[01, 7F, 02, 47, 31, 38, 92, 35, 32, 37, 44, 33, 30, 30, 20, 20, 31, 20, 03, 74]
[01, 7F, 02, 47, 35, 30, 82, 32, 32, 03, 3E]
[01, 7F, 02, 47, 33, 30, 35, 20, 32, 20, 20, 38, 20, 03, 25]
[01, 7F, 02, 47, 33, 33, 35, 80, 80, 80, 80, 80, 80, 80, 80, 80, 80, 80, 80, 03, 2C]
[01, 7F, 02, 47, 33, 31, 35, 20, 32, 20, 33, 20, 20, 20, 20, 03, 2F]
[01, 7F, 02, 47, 31, 38, 92, 35, 32, 37, 44, 33, 31, 30, 20, 20, 31, 20, 03, 75]
[01, 7F, 02, 47, 31, 39, 35, 31, 30, 36, 30, 03, 23]
[01, 7F, 02, 47, 31, 39, 35, 31, 30, 36, 30, 03, 23]
[01, 7F, 02, 47, 31, 39, 35, 30, 30, 36, 30, 03, 22]
[01, 7F, 02, 47, 31, 39, 35, 31, 30, 35, 39, 03, 29]
[01, 7F, 02, 47, 31, 39, 35, 30, 30, 35, 39, 03, 28]
[01, 7F, 02, 47, 31, 39, 35, 31, 30, 35, 38, 03, 28]
[01, 7F, 02, 47, 31, 39, 35, 30, 30, 35, 38, 03, 29]
[01, 7F, 02, 47, 31, 39, 35, 31, 30, 35, 37, 03, 27]
[01, 7F, 02, 47, 31, 39, 35, 30, 30, 35, 37, 03, 26]
[01, 7F, 02, 47, 31, 39, 35, 31, 30, 35, 36, 03, 26]
[01, 7F, 02, 47, 31, 39, 35, 30, 30, 35, 36, 03, 27]
[01, 7F, 02, 47, 31, 38, 92, 35, 32, 37, 44, 33, 31, 30, 20, 20, 31, 20, 03, 75]
[01, 7F, 02, 47, 31, 38, 92, 35, 32, 37, 44, 33, 31, 30, 20, 20, 31, 20, 03, 75]
[01, 7F, 02, 47, 31, 38, 92, 35, 32, 37, 44, 33, 31, 30, 20, 20, 31, 20, 03, 75]
[01, 7F, 02, 47, 31, 39, 35, 31, 30, 30, 30, 03, 25]
[01, 7F, 02, 47, 31, 38, 92, 35, 32, 37, 44, 33, 31, 30, 20, 20, 31, 20, 03, 75]
[01, 7F, 02, 47, 31, 38, 92, 35, 32, 37, 44, 33, 31, 30, 20, 20, 31, 20, 03, 75]
[01, 7F, 02, 47, 35, 30, 82, 32, 32, 03, 3E]
[01, 7F, 02, 47, 31, 38, 92, 35, 32, 37, 44, 33, 31, 30, 20, 20, 31, 20, 03, 75]
[01, 7F, 02, 47, 31, 39, 35, 31, 30, 30, 30, 03, 25]
[01, 7F, 02, 47, 31, 38, 92, 35, 32, 37, 44, 33, 31, 30, 20, 20, 31, 20, 03, 75]
[01, 7F, 02, 47, 31, 39, 35, 31, 30, 30, 30, 03, 25]
[01, 7F, 02, 47, 33, 30, 35, 20, 32, 20, 20, 38, 20, 03, 25]
[01, 7F, 02, 47, 33, 33, 35, 80, 80, 80, 80, 80, 80, 80, 80, 80, 80, 80, 80, 03, 2C]
[01, 7F, 02, 47, 31, 39, 35, 31, 30, 30, 30, 03, 25]
[01, 7F, 02, 47, 33, 31, 35, 20, 32, 20, 33, 20, 20, 20, 20, 03, 2F]
[01, 7F, 02, 47, 31, 38, 92, 35, 32, 37, 44, 33, 31, 30, 20, 20, 31, 20, 03, 75]
[01, 7F, 02, 47, 31, 38, 92, 35, 32, 37, 44, 33, 31, 30, 20, 20, 31, 20, 03, 75]
[01, 7F, 02, 47, 31, 38, 92, 35, 32, 37, 44, 33, 31, 30, 20, 20, 31, 20, 03, 75]
[01, 7F, 02, 47, 35, 30, 82, 32, 32, 03, 3E]
[01, 7F, 02, 47, 31, 38, 92, 35, 32, 37, 44, 33, 31, 30, 20, 20, 31, 20, 03, 75]
[01, 7F, 02, 47, 31, 38, 92, 35, 32, 37, 44, 33, 31, 30, 20, 20, 31, 20, 03, 75]
[01, 7F, 02, 47, 33, 30, 35, 20, 32, 20, 20, 38, 20, 03, 25]
[01, 7F, 02, 47, 35, 30, 82, 32, 32, 03, 3E]
[01, 7F, 02, 47, 33, 33, 35, 80, 80, 80, 80, 80, 80, 80, 80, 80, 80, 80, 80, 03, 2C]
[01, 7F, 02, 47, 33, 34, 35, 80, 80, 80, 80, 80, 80, 80, 80, 80, 80, 80, 80, 03, 2B]
[01, 7F, 02, 47, 31, 39, 35, 31, 30, 30, 30, 03, 25]
[01, 7F, 02, 47, 32, 30, 31, 32, 35, 37, 03, 3A]
[01, 7F, 02, 47, 31, 38, 92, 35, 32, 37, 44, 33, 31, 30, 20, 20, 31, 20, 03, 75]
[01, 7F, 02, 47, 33, 30, 35, 20, 32, 20, 20, 38, 20, 03, 25]
[01, 7F, 02, 47, 35, 30, 82, 32, 32, 03, 3E]
[01, 7F, 02, 47, 33, 33, 35, 80, 80, 80, 80, 80, 80, 80, 80, 80, 80, 80, 80, 03, 2C]
[01, 7F, 02, 47, 33, 34, 35, 80, 80, 80, 80, 80, 80, 80, 80, 80, 80, 80, 80, 03, 2B]
[01, 7F, 02, 47, 31, 39, 35, 31, 30, 30, 30, 03, 25]
[01, 7F, 02, 47, 31, 38, 92, 35, 32, 37, 44, 33, 31, 30, 20, 20, 31, 20, 03, 75]
[01, 7F, 02, 47, 35, 30, 82, 32, 32, 03, 3E]
[01, 7F, 02, 47, 31, 38, 92, 35, 32, 37, 44, 33, 31, 30, 20, 20, 31, 20, 03, 75]
[01, 7F, 02, 47, 35, 30, 82, 32, 32, 03, 3E]
[01, 7F, 02, 47, 31, 38, 92, 35, 32, 37, 44, 33, 31, 30, 20, 20, 31, 20, 03, 75]
[01, 7F, 02, 47, 35, 30, 82, 32, 31, 03, 3D]
[01, 7F, 02, 47, 31, 38, 92, 35, 32, 37, 44, 33, 31, 30, 20, 20, 31, 20, 03, 75]
[01, 7F, 02, 47, 35, 30, 82, 32, 31, 03, 3D]
[01, 7F, 02, 47, 31, 38, 92, 35, 32, 37, 44, 33, 31, 30, 20, 20, 31, 20, 03, 75]
[01, 7F, 02, 47, 35, 30, 82, 32, 30, 03, 3C]
[01, 7F, 02, 47, 31, 38, 92, 35, 32, 37, 44, 33, 31, 30, 20, 20, 31, 20, 03, 75]
[01, 7F, 02, 47, 35, 30, 82, 32, 30, 03, 3C]
[01, 7F, 02, 47, 31, 38, 92, 35, 32, 37, 44, 33, 31, 30, 20, 20, 31, 20, 03, 75]
[01, 7F, 02, 47, 35, 30, 82, 31, 39, 03, 36]
[01, 7F, 02, 47, 31, 38, 92, 35, 32, 37, 44, 33, 31, 30, 20, 20, 31, 20, 03, 75]
[01, 7F, 02, 47, 35, 30, 82, 31, 38, 03, 37]
[01, 7F, 02, 47, 31, 38, 92, 35, 32, 37, 44, 33, 31, 30, 20, 20, 31, 20, 03, 75]
[01, 7F, 02, 47, 35, 30, 82, 31, 38, 03, 37]
[01, 7F, 02, 47, 31, 38, 92, 35, 32, 37, 44, 33, 31, 30, 20, 20, 31, 20, 03, 75]
[01, 7F, 02, 47, 35, 30, 82, 31, 37, 03, 38]
[01, 7F, 02, 47, 31, 38, 92, 35, 32, 37, 44, 33, 31, 30, 20, 20, 31, 20, 03, 75]
[01, 7F, 02, 47, 35, 30, 82, 31, 37, 03, 38]
[01, 7F, 02, 47, 31, 38, 92, 35, 32, 37, 44, 33, 31, 30, 20, 20, 31, 20, 03, 75]
[01, 7F, 02, 47, 35, 30, 82, 31, 36, 03, 39]
[01, 7F, 02, 47, 31, 38, 92, 35, 32, 37, 44, 33, 31, 30, 20, 20, 31, 20, 03, 75]
[01, 7F, 02, 47, 35, 30, 82, 31, 36, 03, 39]
[01, 7F, 02, 47, 31, 38, 92, 35, 32, 37, 44, 33, 31, 30, 20, 20, 31, 20, 03, 75]
[01, 7F, 02, 47, 35, 30, 82, 31, 35, 03, 3A]
[01, 7F, 02, 47, 31, 38, 92, 35, 32, 37, 44, 33, 31, 30, 20, 20, 31, 20, 03, 75]
[01, 7F, 02, 47, 35, 30, 82, 31, 35, 03, 3A]
[01, 7F, 02, 47, 31, 38, 92, 35, 32, 37, 44, 33, 31, 30, 20, 20, 31, 20, 03, 75]
[01, 7F, 02, 47, 35, 30, 82, 31, 34, 03, 3B]
[01, 7F, 02, 47, 31, 38, 92, 35, 32, 37, 44, 33, 31, 30, 20, 20, 31, 20, 03, 75]
[01, 7F, 02, 47, 35, 30, 82, 31, 34, 03, 3B]
[01, 7F, 02, 47, 31, 38, 92, 35, 32, 37, 44, 33, 31, 30, 20, 20, 31, 20, 03, 75]
[01, 7F, 02, 47, 35, 30, 82, 31, 34, 03, 3B]
[01, 7F, 02, 47, 31, 38, 92, 35, 32, 37, 44, 33, 31, 30, 20, 20, 31, 20, 03, 75]
[01, 7F, 02, 47, 35, 30, 82, 31, 33, 03, 3C]
[01, 7F, 02, 47, 31, 38, 92, 35, 32, 37, 44, 33, 31, 30, 20, 20, 31, 20, 03, 75]
[01, 7F, 02, 47, 35, 30, 82, 31, 33, 03, 3C]
[01, 7F, 02, 47, 31, 38, 92, 35, 32, 37, 44, 33, 31, 30, 20, 20, 31, 20, 03, 75]
[01, 7F, 02, 47, 35, 30, 82, 31, 32, 03, 3D]
[01, 7F, 02, 47, 31, 38, 92, 35, 32, 37, 44, 33, 31, 30, 20, 20, 31, 20, 03, 75]
[01, 7F, 02, 47, 35, 30, 82, 31, 32, 03, 3D]
[01, 7F, 02, 47, 31, 38, 92, 35, 32, 37, 44, 33, 31, 30, 20, 20, 31, 20, 03, 75]
[01, 7F, 02, 47, 35, 30, 82, 31, 31, 03, 3E]
[01, 7F, 02, 47, 31, 38, 92, 35, 32, 37, 44, 33, 31, 30, 20, 20, 31, 20, 03, 75]
[01, 7F, 02, 47, 35, 30, 82, 31, 31, 03, 3E]
[01, 7F, 02, 47, 31, 38, 92, 35, 32, 37, 44, 33, 31, 30, 20, 20, 31, 20, 03, 75]
[01, 7F, 02, 47, 35, 30, 82, 31, 30, 03, 3F]
[01, 7F, 02, 47, 31, 38, 92, 35, 32, 37, 44, 33, 31, 30, 20, 20, 31, 20, 03, 75]
[01, 7F, 02, 47, 35, 30, 82, 31, 30, 03, 3F]
[01, 7F, 02, 47, 31, 38, 92, 35, 32, 37, 44, 33, 31, 30, 20, 20, 31, 20, 03, 75]
[01, 7F, 02, 47, 35, 30, 82, 30, 39, 03, 37]
[01, 7F, 02, 47, 31, 38, 92, 35, 32, 37, 44, 33, 31, 30, 20, 20, 31, 20, 03, 75]
[01, 7F, 02, 47, 35, 30, 82, 30, 39, 03, 37]
[01, 7F, 02, 47, 31, 38, 92, 35, 32, 37, 44, 33, 31, 30, 20, 20, 31, 20, 03, 75]
[01, 7F, 02, 47, 35, 30, 82, 30, 38, 03, 36]
[01, 7F, 02, 47, 31, 38, 92, 35, 32, 37, 44, 33, 31, 30, 20, 20, 31, 20, 03, 75]
[01, 7F, 02, 47, 35, 30, 82, 30, 38, 03, 36]
[01, 7F, 02, 47, 31, 38, 92, 35, 32, 37, 44, 33, 31, 30, 20, 20, 31, 20, 03, 75]
[01, 7F, 02, 47, 35, 30, 82, 30, 35, 03, 3B]
[01, 7F, 02, 47, 31, 38, 92, 35, 32, 37, 44, 33, 31, 30, 20, 20, 31, 20, 03, 75]
[01, 7F, 02, 47, 35, 30, 82, 30, 35, 03, 3B]
[01, 7F, 02, 47, 31, 38, 92, 35, 32, 37, 44, 33, 31, 30, 20, 20, 31, 20, 03, 75]
[01, 7F, 02, 47, 35, 30, 82, 30, 35, 03, 3B]
[01, 7F, 02, 47, 31, 38, 92, 35, 32, 37, 44, 33, 31, 30, 20, 20, 31, 20, 03, 75]
[01, 7F, 02, 47, 35, 30, 82, 30, 35, 03, 3B]
[01, 7F, 02, 47, 31, 38, 92, 35, 32, 37, 44, 33, 31, 30, 20, 20, 31, 20, 03, 75]
[01, 7F, 02, 47, 35, 30, 82, 30, 35, 03, 3B]
[01, 7F, 02, 47, 31, 38, 92, 35, 32, 37, 44, 33, 31, 30, 20, 20, 31, 20, 03, 75]
[01, 7F, 02, 47, 35, 30, 82, 30, 35, 03, 3B]
[01, 7F, 02, 47, 31, 38, 92, 35, 32, 37, 44, 33, 31, 30, 20, 20, 31, 20, 03, 75]
[01, 7F, 02, 47, 35, 30, 92, 34, 39, 03, 23]
[01, 7F, 02, 47, 31, 38, 92, 35, 32, 37, 44, 33, 31, 30, 20, 20, 31, 20, 03, 75]
[01, 7F, 02, 47, 35, 30, 92, 34, 39, 03, 23]
[01, 7F, 02, 47, 31, 38, 92, 35, 32, 37, 44, 33, 31, 30, 20, 20, 31, 20, 03, 75]
[01, 7F, 02, 47, 35, 30, 92, 34, 38, 03, 22]
[01, 7F, 02, 47, 31, 38, 92, 35, 32, 37, 44, 33, 31, 30, 20, 20, 31, 20, 03, 75]
[01, 7F, 02, 47, 35, 30, 92, 34, 38, 03, 22]
[01, 7F, 02, 47, 31, 38, 92, 35, 32, 37, 44, 33, 31, 30, 20, 20, 31, 20, 03, 75]
[01, 7F, 02, 47, 35, 30, 92, 34, 37, 03, 2D]
[01, 7F, 02, 47, 31, 38, 92, 35, 32, 37, 44, 33, 31, 30, 20, 20, 31, 20, 03, 75]
[01, 7F, 02, 47, 35, 30, 92, 34, 37, 03, 2D]
[01, 7F, 02, 47, 31, 38, 92, 35, 32, 37, 44, 33, 31, 30, 20, 20, 31, 20, 03, 75]
[01, 7F, 02, 47, 35, 30, 92, 34, 36, 03, 2C]
[01, 7F, 02, 47, 31, 38, 92, 35, 32, 37, 44, 33, 31, 30, 20, 20, 31, 20, 03, 75]
[01, 7F, 02, 47, 35, 30, 92, 34, 36, 03, 2C]
[01, 7F, 02, 47, 31, 38, 92, 35, 32, 37, 44, 33, 31, 30, 20, 20, 31, 20, 03, 75]
[01, 7F, 02, 47, 35, 30, 92, 34, 35, 03, 2F]
[01, 7F, 02, 47, 31, 38, 92, 35, 32, 37, 44, 33, 31, 30, 20, 20, 31, 20, 03, 75]
[01, 7F, 02, 47, 35, 30, 92, 34, 34, 03, 2E]
[01, 7F, 02, 47, 31, 38, 92, 35, 32, 37, 44, 33, 31, 30, 20, 20, 31, 20, 03, 75]
[01, 7F, 02, 47, 35, 30, 92, 34, 34, 03, 2E]
[01, 7F, 02, 47, 31, 38, 92, 35, 32, 37, 44, 33, 31, 30, 20, 20, 31, 20, 03, 75]
[01, 7F, 02, 47, 35, 30, 92, 34, 33, 03, 29]
[01, 7F, 02, 47, 31, 38, 92, 35, 32, 37, 44, 33, 31, 30, 20, 20, 31, 20, 03, 75]
[01, 7F, 02, 47, 35, 30, 92, 34, 33, 03, 29]
[01, 7F, 02, 47, 31, 38, 92, 35, 32, 37, 44, 33, 31, 30, 20, 20, 31, 20, 03, 75]
[01, 7F, 02, 47, 35, 30, 92, 34, 33, 03, 29]
[01, 7F, 02, 47, 31, 38, 92, 35, 32, 37, 44, 33, 31, 30, 20, 20, 31, 20, 03, 75]
[01, 7F, 02, 47, 35, 30, 92, 34, 33, 03, 29]
[01, 7F, 02, 47, 31, 38, 92, 35, 32, 37, 44, 33, 31, 30, 20, 20, 31, 20, 03, 75]
[01, 7F, 02, 47, 35, 30, 92, 34, 33, 03, 29]
[01, 7F, 02, 47, 31, 38, 92, 35, 32, 37, 44, 33, 31, 30, 20, 20, 31, 20, 03, 75]
[01, 7F, 02, 47, 35, 30, 90, 34, 33, 03, 2B]
[01, 7F, 02, 47, 35, 30, 90, 34, 32, 03, 2A]
[01, 7F, 02, 47, 31, 38, 92, 35, 32, 37, 44, 33, 31, 30, 20, 20, 31, 20, 03, 75]
[01, 7F, 02, 47, 35, 30, 90, 34, 31, 03, 29]
[01, 7F, 02, 47, 35, 30, 90, 34, 30, 03, 28]
[01, 7F, 02, 47, 35, 30, 90, 33, 39, 03, 26]
[01, 7F, 02, 47, 35, 30, 90, 33, 38, 03, 27]
[01, 7F, 02, 47, 35, 30, 90, 33, 37, 03, 28]
[01, 7F, 02, 47, 35, 30, 90, 33, 36, 03, 29]
[01, 7F, 02, 47, 35, 30, 90, 33, 35, 03, 2A]
[01, 7F, 02, 47, 35, 30, 90, 33, 34, 03, 2B]
[01, 7F, 02, 47, 35, 30, 90, 33, 33, 03, 2C]
[01, 7F, 02, 47, 35, 30, 90, 33, 32, 03, 2D]
[01, 7F, 02, 47, 31, 38, 92, 35, 32, 37, 44, 33, 31, 30, 20, 20, 31, 20, 03, 75]
[01, 7F, 02, 47, 35, 30, 92, 33, 32, 03, 2F]
[01, 7F, 02, 47, 31, 38, 92, 35, 32, 37, 44, 33, 31, 30, 20, 20, 31, 20, 03, 75]
[01, 7F, 02, 47, 35, 30, 92, 33, 32, 03, 2F]
[01, 7F, 02, 47, 31, 38, 92, 35, 32, 37, 44, 33, 31, 30, 20, 20, 31, 20, 03, 75]
[01, 7F, 02, 47, 33, 30, 35, 20, 32, 20, 20, 38, 20, 03, 25]
[01, 7F, 02, 47, 35, 30, 92, 33, 32, 03, 2F]
[01, 7F, 02, 47, 33, 33, 35, 80, 80, 80, 80, 80, 80, 80, 80, 80, 80, 80, 80, 03, 2C]
[01, 7F, 02, 47, 33, 34, 35, 80, 80, 80, 80, 80, 80, 80, 80, 80, 80, 80, 80, 03, 2B]
[01, 7F, 02, 47, 31, 39, 35, 31, 30, 30, 30, 03, 25]
[01, 7F, 02, 47, 33, 36, 32, 37, 33, 03, 2A]
[01, 7F, 02, 47, 31, 38, 90, 35, 32, 37, 44, 32, 31, 30, 20, 20, 31, 20, 03, 76]
[01, 7F, 02, 47, 33, 36, 32, 37, 31, 03, 28]
[01, 7F, 02, 47, 31, 38, 90, 35, 32, 37, 44, 31, 31, 30, 20, 20, 31, 20, 03, 75]
[01, 7F, 02, 47, 31, 38, 90, 35, 32, 37, 44, 31, 31, 30, 20, 20, 31, 20, 03, 75]
[01, 7F, 02, 47, 31, 38, 90, 35, 32, 37, 44, 31, 31, 30, 20, 20, 31, 20, 03, 75]
[01, 7F, 02, 47, 35, 30, 92, 33, 32, 03, 2F]
[01, 7F, 02, 47, 33, 36, 32, 37, 30, 03, 29]
[01, 7F, 02, 47, 33, 30, 35, 20, 32, 20, 20, 38, 20, 03, 25]
[01, 7F, 02, 47, 33, 33, 35, 80, 80, 80, 80, 80, 80, 80, 80, 80, 80, 80, 80, 03, 2C]
[01, 7F, 02, 47, 36, 30, 35, 00, 00, 03, 2A]
[01, 7F, 02, 47, 33, 31, 35, 20, 32, 20, 33, 20, 20, 20, 20, 03, 2F]
[01, 7F, 02, 47, 33, 36, 32, 36, 39, 03, 21]
[01, 7F, 02, 47, 33, 30, 35, 20, 32, 20, 20, 38, 20, 03, 25]
[01, 7F, 02, 47, 33, 34, 35, 80, 80, 80, 80, 80, 80, 80, 80, 80, 80, 80, 80, 03, 2B]
[01, 7F, 02, 47, 36, 30, 35, 00, 00, 03, 2A]
[01, 7F, 02, 47, 33, 31, 35, 20, 32, 20, 33, 20, 20, 20, 20, 03, 2F]
[01, 7F, 02, 47, 33, 36, 32, 36, 38, 03, 20]
[01, 7F, 02, 47, 33, 36, 32, 36, 37, 03, 2F]
[01, 7F, 02, 47, 33, 36, 32, 36, 36, 03, 2E]
[01, 7F, 02, 47, 33, 36, 32, 36, 35, 03, 2D]
[01, 7F, 02, 47, 33, 36, 32, 36, 34, 03, 2C]
[01, 7F, 02, 47, 33, 36, 32, 36, 33, 03, 2B]
[01, 7F, 02, 47, 33, 36, 32, 36, 30, 03, 28]
[01, 7F, 02, 47, 33, 36, 32, 36, 30, 03, 28]
[01, 7F, 02, 47, 33, 36, 32, 36, 30, 03, 28]
[01, 7F, 02, 47, 33, 36, 32, 35, 39, 03, 22]
[01, 7F, 02, 47, 33, 36, 32, 35, 38, 03, 23]
[01, 7F, 02, 47, 33, 36, 32, 35, 37, 03, 2C]
[01, 7F, 02, 47, 33, 36, 32, 35, 36, 03, 2D]
[01, 7F, 02, 47, 33, 36, 32, 35, 35, 03, 2E]
[01, 7F, 02, 47, 33, 36, 32, 35, 34, 03, 2F]
[01, 7F, 02, 47, 31, 38, 92, 35, 32, 35, 44, 35, 31, 30, 20, 20, 31, 20, 03, 71]
[01, 7F, 02, 47, 31, 38, 92, 35, 32, 35, 44, 35, 31, 30, 20, 20, 31, 20, 03, 71]
[01, 7F, 02, 47, 31, 38, 92, 35, 32, 35, 44, 35, 31, 30, 20, 20, 31, 20, 03, 71]
[01, 7F, 02, 47, 31, 38, 92, 35, 32, 35, 44, 35, 31, 30, 20, 20, 31, 20, 03, 71]
[01, 7F, 02, 47, 35, 30, 92, 33, 32, 03, 2F]
[01, 7F, 02, 47, 31, 38, 92, 35, 32, 35, 44, 35, 31, 30, 20, 20, 31, 20, 03, 71]
[01, 7F, 02, 47, 33, 30, 35, 20, 32, 20, 20, 38, 20, 03, 25]
[01, 7F, 02, 47, 35, 30, 92, 33, 32, 03, 2F]
[01, 7F, 02, 47, 33, 33, 35, 80, 80, 80, 80, 80, 80, 80, 80, 80, 80, 80, 80, 03, 2C]
[01, 7F, 02, 47, 33, 34, 35, 80, 80, 80, 80, 80, 80, 80, 80, 80, 80, 80, 80, 03, 2B]
[01, 7F, 02, 47, 31, 39, 35, 31, 30, 30, 30, 03, 25]
[01, 7F, 02, 47, 31, 38, 92, 35, 32, 35, 44, 35, 31, 30, 20, 20, 31, 20, 03, 71]
[01, 7F, 02, 47, 33, 30, 35, 20, 32, 20, 20, 38, 20, 03, 25]
[01, 7F, 02, 47, 35, 30, 92, 33, 32, 03, 2F]
[01, 7F, 02, 47, 33, 33, 35, 80, 80, 80, 80, 80, 80, 80, 80, 80, 80, 80, 80, 03, 2C]
[01, 7F, 02, 47, 33, 34, 35, 80, 80, 80, 80, 80, 80, 80, 80, 80, 80, 80, 80, 03, 2B]
[01, 7F, 02, 47, 31, 39, 35, 31, 30, 30, 30, 03, 25]
[01, 7F, 02, 47, 31, 38, 92, 35, 32, 35, 44, 35, 31, 30, 20, 20, 31, 20, 03, 71]
[01, 7F, 02, 47, 33, 30, 35, 20, 32, 20, 20, 38, 20, 03, 25]
[01, 7F, 02, 47, 35, 30, 92, 33, 32, 03, 2F]
[01, 7F, 02, 47, 33, 33, 35, 80, 80, 80, 80, 80, 80, 80, 80, 80, 80, 80, 80, 03, 2C]
[01, 7F, 02, 47, 33, 34, 35, 80, 80, 80, 80, 80, 80, 80, 80, 80, 80, 80, 80, 03, 2B]
[01, 7F, 02, 47, 31, 39, 35, 31, 30, 30, 30, 03, 25]
[01, 7F, 02, 47, 31, 38, 92, 35, 32, 35, 44, 35, 31, 30, 20, 20, 31, 20, 03, 71]
[01, 7F, 02, 47, 33, 30, 35, 20, 32, 20, 20, 38, 20, 03, 25]
[01, 7F, 02, 47, 35, 30, 92, 33, 32, 03, 2F]
[01, 7F, 02, 47, 33, 33, 35, 80, 80, 80, 80, 80, 80, 80, 80, 80, 80, 80, 80, 03, 2C]
[01, 7F, 02, 47, 33, 34, 35, 80, 80, 80, 80, 80, 80, 80, 80, 80, 80, 80, 80, 03, 2B]
[01, 7F, 02, 47, 31, 39, 35, 31, 30, 30, 30, 03, 25]
[01, 7F, 02, 47, 32, 30, 31, 32, 35, 38, 03, 35]
[01, 7F, 02, 47, 31, 38, 92, 35, 32, 35, 44, 35, 31, 30, 20, 20, 31, 20, 03, 71]
[01, 7F, 02, 47, 33, 30, 35, 20, 32, 20, 20, 38, 20, 03, 25]
[01, 7F, 02, 47, 35, 30, 92, 33, 32, 03, 2F]
[01, 7F, 02, 47, 33, 33, 35, 80, 80, 80, 80, 80, 80, 80, 80, 80, 80, 80, 80, 03, 2C]
[01, 7F, 02, 47, 33, 34, 35, 80, 80, 80, 80, 80, 80, 80, 80, 80, 80, 80, 80, 03, 2B]
[01, 7F, 02, 47, 31, 39, 35, 31, 30, 30, 30, 03, 25]
[01, 7F, 02, 47, 31, 38, 92, 35, 32, 35, 44, 35, 31, 30, 20, 20, 31, 20, 03, 71]
[01, 7F, 02, 47, 33, 30, 35, 20, 32, 20, 20, 38, 20, 03, 25]
[01, 7F, 02, 47, 35, 30, 92, 33, 32, 03, 2F]
[01, 7F, 02, 47, 33, 33, 35, 80, 80, 80, 80, 80, 80, 80, 80, 80, 80, 80, 80, 03, 2C]
[01, 7F, 02, 47, 33, 34, 35, 80, 80, 80, 80, 80, 80, 80, 80, 80, 80, 80, 80, 03, 2B]
[01, 7F, 02, 47, 31, 39, 35, 31, 30, 30, 30, 03, 25]
[01, 7F, 02, 47, 31, 38, 92, 35, 32, 35, 44, 35, 31, 30, 20, 20, 31, 20, 03, 71]
[01, 7F, 02, 47, 33, 30, 35, 20, 32, 20, 20, 38, 20, 03, 25]
[01, 7F, 02, 47, 35, 30, 92, 33, 32, 03, 2F]
[01, 7F, 02, 47, 33, 33, 35, 80, 80, 80, 80, 80, 80, 80, 80, 80, 80, 80, 80, 03, 2C]
[01, 7F, 02, 47, 33, 34, 35, 80, 80, 80, 80, 80, 80, 80, 80, 80, 80, 80, 80, 03, 2B]
[01, 7F, 02, 47, 31, 39, 35, 31, 30, 30, 30, 03, 25]
[01, 7F, 02, 47, 31, 38, 92, 35, 32, 35, 44, 35, 31, 30, 20, 20, 31, 20, 03, 71]
[01, 7F, 02, 47, 33, 30, 35, 20, 32, 20, 20, 38, 20, 03, 25]
[01, 7F, 02, 47, 35, 30, 92, 33, 32, 03, 2F]
[01, 7F, 02, 47, 33, 33, 35, 80, 80, 80, 80, 80, 80, 80, 80, 80, 80, 80, 80, 03, 2C]
[01, 7F, 02, 47, 33, 34, 35, 80, 80, 80, 80, 80, 80, 80, 80, 80, 80, 80, 80, 03, 2B]
[01, 7F, 02, 47, 31, 39, 35, 31, 30, 30, 30, 03, 25]
[01, 7F, 02, 47, 31, 38, 92, 35, 32, 35, 44, 35, 31, 30, 20, 20, 31, 20, 03, 71]
[01, 7F, 02, 47, 33, 30, 35, 20, 32, 20, 20, 38, 20, 03, 25]
[01, 7F, 02, 47, 35, 30, 92, 33, 32, 03, 2F]
[01, 7F, 02, 47, 33, 33, 35, 80, 80, 80, 80, 80, 80, 80, 80, 80, 80, 80, 80, 03, 2C]
[01, 7F, 02, 47, 33, 34, 35, 80, 80, 80, 80, 80, 80, 80, 80, 80, 80, 80, 80, 03, 2B]
[01, 7F, 02, 47, 31, 39, 35, 31, 30, 30, 30, 03, 25]
[01, 7F, 02, 47, 31, 38, 92, 35, 32, 35, 44, 35, 31, 30, 20, 20, 31, 20, 03, 71]
[01, 7F, 02, 47, 33, 30, 35, 20, 32, 20, 20, 38, 20, 03, 25]
[01, 7F, 02, 47, 35, 30, 92, 33, 32, 03, 2F]
[01, 7F, 02, 47, 33, 33, 35, 80, 80, 80, 80, 80, 80, 80, 80, 80, 80, 80, 80, 03, 2C]
[01, 7F, 02, 47, 33, 34, 35, 80, 80, 80, 80, 80, 80, 80, 80, 80, 80, 80, 80, 03, 2B]
[01, 7F, 02, 47, 31, 39, 35, 31, 30, 30, 30, 03, 25]
[01, 7F, 02, 47, 32, 30, 31, 32, 35, 39, 03, 34]
[01, 7F, 02, 47, 31, 38, 92, 35, 32, 35, 44, 35, 31, 30, 20, 20, 31, 20, 03, 71]
[01, 7F, 02, 47, 33, 30, 35, 20, 32, 20, 20, 38, 20, 03, 25]
[01, 7F, 02, 47, 35, 30, 92, 33, 32, 03, 2F]
[01, 7F, 02, 47, 33, 33, 35, 80, 80, 80, 80, 80, 80, 80, 80, 80, 80, 80, 80, 03, 2C]
[01, 7F, 02, 47, 33, 34, 35, 80, 80, 80, 80, 80, 80, 80, 80, 80, 80, 80, 80, 03, 2B]
[01, 7F, 02, 47, 31, 39, 35, 31, 30, 30, 30, 03, 25]
[01, 7F, 02, 47, 31, 38, 92, 35, 32, 35, 44, 35, 31, 30, 20, 20, 31, 20, 03, 71]
[01, 7F, 02, 47, 33, 30, 35, 20, 32, 20, 20, 38, 20, 03, 25]
[01, 7F, 02, 47, 35, 30, 92, 33, 32, 03, 2F]
[01, 7F, 02, 47, 33, 33, 35, 80, 80, 80, 80, 80, 80, 80, 80, 80, 80, 80, 80, 03, 2C]
[01, 7F, 02, 47, 33, 34, 35, 80, 80, 80, 80, 80, 80, 80, 80, 80, 80, 80, 80, 03, 2B]
[01, 7F, 02, 47, 31, 39, 35, 31, 30, 30, 30, 03, 25]
[01, 7F, 02, 47, 31, 38, 92, 35, 32, 35, 44, 35, 31, 30, 20, 20, 31, 20, 03, 71]
[01, 7F, 02, 47, 33, 30, 35, 20, 32, 20, 20, 38, 20, 03, 25]
[01, 7F, 02, 47, 35, 30, 92, 33, 32, 03, 2F]
[01, 7F, 02, 47, 33, 33, 35, 80, 80, 80, 80, 80, 80, 80, 80, 80, 80, 80, 80, 03, 2C]
[01, 7F, 02, 47, 33, 34, 35, 80, 80, 80, 80, 80, 80, 80, 80, 80, 80, 80, 80, 03, 2B]
[01, 7F, 02, 47, 31, 39, 35, 31, 30, 30, 30, 03, 25]
[01, 7F, 02, 47, 31, 38, 92, 35, 32, 35, 44, 35, 31, 30, 20, 20, 31, 20, 03, 71]
[01, 7F, 02, 47, 33, 30, 35, 20, 32, 20, 20, 38, 20, 03, 25]
[01, 7F, 02, 47, 35, 30, 92, 33, 32, 03, 2F]
[01, 7F, 02, 47, 33, 33, 35, 80, 80, 80, 80, 80, 80, 80, 80, 80, 80, 80, 80, 03, 2C]
[01, 7F, 02, 47, 33, 34, 35, 80, 80, 80, 80, 80, 80, 80, 80, 80, 80, 80, 80, 03, 2B]
[01, 7F, 02, 47, 31, 39, 35, 31, 30, 30, 30, 03, 25]
[01, 7F, 02, 47, 31, 38, 92, 35, 32, 35, 44, 35, 31, 30, 20, 20, 31, 20, 03, 71]
[01, 7F, 02, 47, 33, 30, 35, 20, 32, 20, 20, 38, 20, 03, 25]
[01, 7F, 02, 47, 35, 30, 92, 33, 32, 03, 2F]
[01, 7F, 02, 47, 33, 33, 35, 80, 80, 80, 80, 80, 80, 80, 80, 80, 80, 80, 80, 03, 2C]
[01, 7F, 02, 47, 33, 34, 35, 80, 80, 80, 80, 80, 80, 80, 80, 80, 80, 80, 80, 03, 2B]
[01, 7F, 02, 47, 31, 39, 35, 31, 30, 30, 30, 03, 25]
[01, 7F, 02, 47, 31, 38, 92, 35, 32, 35, 44, 35, 31, 30, 20, 20, 31, 20, 03, 71]
[01, 7F, 02, 47, 33, 30, 35, 20, 32, 20, 20, 38, 20, 03, 25]
[01, 7F, 02, 47, 35, 30, 92, 33, 32, 03, 2F]
[01, 7F, 02, 47, 33, 33, 35, 80, 80, 80, 80, 80, 80, 80, 80, 80, 80, 80, 80, 03, 2C]
[01, 7F, 02, 47, 33, 34, 35, 80, 80, 80, 80, 80, 80, 80, 80, 80, 80, 80, 80, 03, 2B]
[01, 7F, 02, 47, 31, 39, 35, 31, 30, 30, 30, 03, 25]
[01, 7F, 02, 47, 32, 30, 31, 33, 30, 30, 03, 39]
[01, 7F, 02, 47, 31, 38, 92, 35, 32, 35, 44, 35, 31, 30, 20, 20, 31, 20, 03, 71]
[01, 7F, 02, 47, 33, 30, 35, 20, 32, 20, 20, 38, 20, 03, 25]
[01, 7F, 02, 47, 35, 30, 92, 33, 32, 03, 2F]
[01, 7F, 02, 47, 33, 33, 35, 80, 80, 80, 80, 80, 80, 80, 80, 80, 80, 80, 80, 03, 2C]
[01, 7F, 02, 47, 33, 34, 35, 80, 80, 80, 80, 80, 80, 80, 80, 80, 80, 80, 80, 03, 2B]
[01, 7F, 02, 47, 31, 39, 35, 31, 30, 30, 30, 03, 25]
[01, 7F, 02, 47, 31, 38, 92, 35, 32, 35, 44, 35, 31, 30, 20, 20, 31, 20, 03, 71]
[01, 7F, 02, 47, 33, 30, 35, 20, 32, 20, 20, 38, 20, 03, 25]
[01, 7F, 02, 47, 35, 30, 92, 33, 32, 03, 2F]
[01, 7F, 02, 47, 33, 33, 35, 80, 80, 80, 80, 80, 80, 80, 80, 80, 80, 80, 80, 03, 2C]
[01, 7F, 02, 47, 33, 34, 35, 80, 80, 80, 80, 80, 80, 80, 80, 80, 80, 80, 80, 03, 2B]
[01, 7F, 02, 47, 31, 39, 35, 31, 30, 30, 30, 03, 25]
[01, 7F, 02, 47, 31, 38, 92, 35, 32, 35, 44, 35, 31, 30, 20, 20, 31, 20, 03, 71]
[01, 7F, 02, 47, 33, 30, 35, 20, 32, 20, 20, 38, 20, 03, 25]
[01, 7F, 02, 47, 35, 30, 92, 33, 32, 03, 2F]
[01, 7F, 02, 47, 33, 33, 35, 80, 80, 80, 80, 80, 80, 80, 80, 80, 80, 80, 80, 03, 2C]
[01, 7F, 02, 47, 33, 34, 35, 80, 80, 80, 80, 80, 80, 80, 80, 80, 80, 80, 80, 03, 2B]
[01, 7F, 02, 47, 31, 39, 35, 31, 30, 30, 30, 03, 25]
[01, 7F, 02, 47, 31, 38, 92, 35, 32, 35, 44, 35, 31, 30, 20, 20, 31, 20, 03, 71]
[01, 7F, 02, 47, 33, 30, 35, 20, 32, 20, 20, 38, 20, 03, 25]
[01, 7F, 02, 47, 35, 30, 92, 33, 32, 03, 2F]
[01, 7F, 02, 47, 33, 33, 35, 80, 80, 80, 80, 80, 80, 80, 80, 80, 80, 80, 80, 03, 2C]
[01, 7F, 02, 47, 33, 34, 35, 80, 80, 80, 80, 80, 80, 80, 80, 80, 80, 80, 80, 03, 2B]
[01, 7F, 02, 47, 31, 39, 35, 31, 30, 30, 30, 03, 25]
[01, 7F, 02, 47, 31, 38, 92, 35, 32, 35, 44, 35, 31, 30, 20, 20, 31, 20, 03, 71]
[01, 7F, 02, 47, 33, 30, 35, 20, 32, 20, 20, 38, 20, 03, 25]
[01, 7F, 02, 47, 35, 30, 92, 33, 32, 03, 2F]
[01, 7F, 02, 47, 33, 33, 35, 80, 80, 80, 80, 80, 80, 80, 80, 80, 80, 80, 80, 03, 2C]
[01, 7F, 02, 47, 33, 34, 35, 80, 80, 80, 80, 80, 80, 80, 80, 80, 80, 80, 80, 03, 2B]
[01, 7F, 02, 47, 31, 39, 35, 31, 30, 30, 30, 03, 25]
[01, 7F, 02, 47, 31, 38, 92, 35, 32, 35, 44, 35, 31, 30, 20, 20, 31, 20, 03, 71]
[01, 7F, 02, 47, 33, 30, 35, 20, 32, 20, 20, 38, 20, 03, 25]
[01, 7F, 02, 47, 35, 30, 92, 33, 32, 03, 2F]
[01, 7F, 02, 47, 33, 33, 35, 80, 80, 80, 80, 80, 80, 80, 80, 80, 80, 80, 80, 03, 2C]
[01, 7F, 02, 47, 33, 34, 35, 80, 80, 80, 80, 80, 80, 80, 80, 80, 80, 80, 80, 03, 2B]
[01, 7F, 02, 47, 31, 39, 35, 31, 30, 30, 30, 03, 25]
[01, 7F, 02, 47, 32, 30, 31, 33, 30, 31, 03, 38]
[01, 7F, 02, 47, 31, 38, 92, 35, 32, 35, 44, 35, 31, 30, 20, 20, 31, 20, 03, 71]
[01, 7F, 02, 47, 33, 30, 35, 20, 32, 20, 20, 38, 20, 03, 25]
[01, 7F, 02, 47, 35, 30, 92, 33, 32, 03, 2F]
[01, 7F, 02, 47, 33, 33, 35, 80, 80, 80, 80, 80, 80, 80, 80, 80, 80, 80, 80, 03, 2C]
[01, 7F, 02, 47, 33, 34, 35, 80, 80, 80, 80, 80, 80, 80, 80, 80, 80, 80, 80, 03, 2B]
[01, 7F, 02, 47, 31, 39, 35, 31, 30, 30, 30, 03, 25]
[01, 7F, 02, 47, 31, 38, 92, 35, 32, 35, 44, 35, 31, 30, 20, 20, 31, 20, 03, 71]
[01, 7F, 02, 47, 33, 30, 35, 20, 32, 20, 20, 38, 20, 03, 25]
[01, 7F, 02, 47, 35, 30, 92, 33, 32, 03, 2F]
[01, 7F, 02, 47, 33, 33, 35, 80, 80, 80, 80, 80, 80, 80, 80, 80, 80, 80, 80, 03, 2C]
[01, 7F, 02, 47, 33, 34, 35, 80, 80, 80, 80, 80, 80, 80, 80, 80, 80, 80, 80, 03, 2B]
[01, 7F, 02, 47, 31, 39, 35, 31, 30, 30, 30, 03, 25]
[01, 7F, 02, 47, 31, 38, 92, 35, 32, 35, 44, 35, 31, 30, 20, 20, 31, 20, 03, 71]
[01, 7F, 02, 47, 33, 30, 35, 20, 32, 20, 20, 38, 20, 03, 25]
[01, 7F, 02, 47, 35, 30, 92, 33, 32, 03, 2F]
[01, 7F, 02, 47, 33, 33, 35, 80, 80, 80, 80, 80, 80, 80, 80, 80, 80, 80, 80, 03, 2C]
[01, 7F, 02, 47, 33, 34, 35, 80, 80, 80, 80, 80, 80, 80, 80, 80, 80, 80, 80, 03, 2B]
[01, 7F, 02, 47, 31, 39, 35, 31, 30, 30, 30, 03, 25]
[01, 7F, 02, 47, 31, 38, 92, 35, 32, 35, 44, 35, 31, 30, 20, 20, 31, 20, 03, 71]
[01, 7F, 02, 47, 33, 30, 35, 20, 32, 20, 20, 38, 20, 03, 25]
[01, 7F, 02, 47, 35, 30, 92, 33, 32, 03, 2F]
[01, 7F, 02, 47, 33, 33, 35, 80, 80, 80, 80, 80, 80, 80, 80, 80, 80, 80, 80, 03, 2C]
[01, 7F, 02, 47, 33, 34, 35, 80, 80, 80, 80, 80, 80, 80, 80, 80, 80, 80, 80, 03, 2B]
[01, 7F, 02, 47, 31, 39, 35, 31, 30, 30, 30, 03, 25]
[01, 7F, 02, 47, 31, 38, 92, 35, 32, 35, 44, 35, 31, 30, 20, 20, 31, 20, 03, 71]
[01, 7F, 02, 47, 33, 30, 35, 20, 32, 20, 20, 38, 20, 03, 25]
[01, 7F, 02, 47, 35, 30, 92, 33, 32, 03, 2F]
[01, 7F, 02, 47, 33, 33, 35, 80, 80, 80, 80, 80, 80, 80, 80, 80, 80, 80, 80, 03, 2C]
[01, 7F, 02, 47, 33, 34, 35, 80, 80, 80, 80, 80, 80, 80, 80, 80, 80, 80, 80, 03, 2B]
[01, 7F, 02, 47, 31, 39, 35, 31, 30, 30, 30, 03, 25]
[01, 7F, 02, 47, 31, 38, 92, 35, 32, 35, 44, 35, 31, 30, 20, 20, 31, 20, 03, 71]
[01, 7F, 02, 47, 33, 30, 35, 20, 32, 20, 20, 38, 20, 03, 25]
[01, 7F, 02, 47, 35, 30, 92, 33, 32, 03, 2F]
[01, 7F, 02, 47, 33, 33, 35, 80, 80, 80, 80, 80, 80, 80, 80, 80, 80, 80, 80, 03, 2C]
[01, 7F, 02, 47, 33, 34, 35, 80, 80, 80, 80, 80, 80, 80, 80, 80, 80, 80, 80, 03, 2B]
[01, 7F, 02, 47, 31, 39, 35, 31, 30, 30, 30, 03, 25]
[01, 7F, 02, 47, 32, 30, 31, 33, 30, 32, 03, 3B]
[01, 7F, 02, 47, 31, 38, 92, 35, 32, 35, 44, 35, 31, 30, 20, 20, 31, 20, 03, 71]
[01, 7F, 02, 47, 33, 30, 35, 20, 32, 20, 20, 38, 20, 03, 25]
[01, 7F, 02, 47, 35, 30, 92, 33, 32, 03, 2F]
[01, 7F, 02, 47, 33, 33, 35, 80, 80, 80, 80, 80, 80, 80, 80, 80, 80, 80, 80, 03, 2C]
[01, 7F, 02, 47, 33, 34, 35, 80, 80, 80, 80, 80, 80, 80, 80, 80, 80, 80, 80, 03, 2B]
[01, 7F, 02, 47, 31, 39, 35, 31, 30, 30, 30, 03, 25]
[01, 7F, 02, 47, 31, 38, 92, 35, 32, 35, 44, 35, 31, 30, 20, 20, 31, 20, 03, 71]
[01, 7F, 02, 47, 33, 30, 35, 20, 32, 20, 20, 38, 20, 03, 25]
[01, 7F, 02, 47, 35, 30, 92, 33, 32, 03, 2F]
[01, 7F, 02, 47, 33, 33, 35, 80, 80, 80, 80, 80, 80, 80, 80, 80, 80, 80, 80, 03, 2C]
[01, 7F, 02, 47, 33, 34, 35, 80, 80, 80, 80, 80, 80, 80, 80, 80, 80, 80, 80, 03, 2B]
[01, 7F, 02, 47, 31, 39, 35, 31, 30, 30, 30, 03, 25]
