[01, 7F, 02, 47, 31, 38, 90, 35, 33, 39, 44, 31, 31, 31, 20, 20, 31, 20, 03, 7B]
[01, 7F, 02, 47, 31, 38, 90, 35, 33, 39, 44, 30, 31, 31, 20, 20, 31, 20, 03, 7A]
[01, 7F, 02, 47, 31, 38, 90, 35, 33, 38, 44, 39, 31, 31, 20, 20, 31, 20, 03, 72]
[01, 7F, 02, 47, 31, 38, 90, 35, 33, 38, 44, 39, 31, 31, 20, 20, 31, 20, 03, 72]
[01, 7F, 02, 47, 35, 30, 82, 32, 34, 03, 38]
[01, 7F, 02, 47, 33, 30, 35, 20, 32, 20, 20, 30, 20, 03, 2D]
[01, 7F, 02, 47, 33, 33, 35, 80, 80, 80, 80, 80, 80, 80, 80, 80, 80, 80, 80, 03, 2C]
[01, 7F, 02, 47, 36, 30, 35, 00, 00, 03, 2A]
[01, 7F, 02, 47, 33, 31, 35, 20, 32, 20, 32, 20, 20, 20, 20, 03, 2E]
[01, 7F, 02, 47, 33, 30, 35, 20, 32, 20, 20, 30, 20, 03, 2D]
[01, 7F, 02, 47, 33, 34, 35, 80, 80, 80, 80, 80, 80, 80, 80, 80, 80, 80, 80, 03, 2B]
[01, 7F, 02, 47, 36, 30, 35, 00, 00, 03, 2A]
[01, 7F, 02, 47, 33, 31, 35, 20, 32, 20, 32, 20, 20, 20, 20, 03, 2E]
[01, 7F, 02, 47, 31, 38, 92, 35, 33, 33, 44, 33, 31, 31, 20, 20, 31, 20, 03, 71]
[01, 7F, 02, 47, 31, 38, 92, 35, 33, 33, 44, 33, 31, 31, 20, 20, 31, 20, 03, 71]
[01, 7F, 02, 47, 31, 38, 92, 35, 33, 33, 44, 33, 31, 31, 20, 20, 31, 20, 03, 71]
[01, 7F, 02, 47, 31, 38, 92, 35, 33, 33, 44, 33, 31, 31, 20, 20, 31, 20, 03, 71]
[01, 7F, 02, 47, 35, 30, 82, 32, 34, 03, 38]
[01, 7F, 02, 47, 31, 38, 90, 35, 33, 32, 44, 38, 31, 31, 20, 20, 31, 20, 03, 79]
[01, 7F, 02, 47, 31, 38, 90, 35, 33, 32, 44, 37, 31, 31, 20, 20, 31, 20, 03, 76]
[01, 7F, 02, 47, 31, 38, 90, 35, 33, 32, 44, 36, 31, 31, 20, 20, 31, 20, 03, 77]
[01, 7F, 02, 47, 31, 38, 90, 35, 33, 32, 44, 36, 31, 31, 20, 20, 31, 20, 03, 77]
[01, 7F, 02, 47, 35, 30, 82, 32, 34, 03, 38]
[01, 7F, 02, 47, 33, 30, 35, 20, 32, 20, 20, 30, 20, 03, 2D]
[01, 7F, 02, 47, 33, 33, 35, 80, 80, 80, 80, 80, 80, 80, 80, 80, 80, 80, 80, 03, 2C]
[01, 7F, 02, 47, 36, 30, 35, 00, 00, 03, 2A]
[01, 7F, 02, 47, 33, 31, 35, 20, 32, 20, 32, 20, 20, 20, 20, 03, 2E]
[01, 7F, 02, 47, 33, 30, 35, 20, 32, 20, 20, 30, 20, 03, 2D]
[01, 7F, 02, 47, 33, 34, 35, 80, 80, 80, 80, 80, 80, 80, 80, 80, 80, 80, 80, 03, 2B]
[01, 7F, 02, 47, 36, 30, 35, 00, 00, 03, 2A]
[01, 7F, 02, 47, 33, 31, 35, 20, 32, 20, 32, 20, 20, 20, 20, 03, 2E]
[01, 7F, 02, 47, 31, 38, 92, 35, 32, 38, 44, 37, 31, 31, 20, 20, 31, 20, 03, 7F]
[01, 7F, 02, 47, 31, 38, 92, 35, 32, 38, 44, 37, 31, 31, 20, 20, 31, 20, 03, 7F]
[01, 7F, 02, 47, 31, 38, 92, 35, 32, 38, 44, 37, 31, 31, 20, 20, 31, 20, 03, 7F]
[01, 7F, 02, 47, 31, 38, 92, 35, 32, 38, 44, 37, 31, 31, 20, 20, 31, 20, 03, 7F]
[01, 7F, 02, 47, 35, 30, 82, 32, 34, 03, 38]
[01, 7F, 02, 47, 31, 38, 92, 35, 32, 38, 44, 37, 31, 31, 20, 20, 31, 20, 03, 7F]
[01, 7F, 02, 47, 35, 30, 80, 32, 34, 03, 3A]
[01, 7F, 02, 47, 31, 38, 92, 35, 32, 38, 44, 37, 31, 31, 20, 20, 31, 20, 03, 7F]
[01, 7F, 02, 47, 35, 30, 80, 32, 33, 03, 3D]
[01, 7F, 02, 47, 31, 38, 92, 35, 32, 38, 44, 37, 31, 31, 20, 20, 31, 20, 03, 7F]
[01, 7F, 02, 47, 35, 30, 82, 32, 30, 03, 3C]
[01, 7F, 02, 47, 31, 38, 92, 35, 32, 38, 44, 37, 31, 31, 20, 20, 31, 20, 03, 7F]
[01, 7F, 02, 47, 35, 30, 82, 32, 30, 03, 3C]
[01, 7F, 02, 47, 32, 30, 31, 37, 33, 35, 03, 3B]
